Unity Editor version:    2020.3.29f1 (2ff179115da0)
Branch:                  2020.3/staging
Build type:              Release
Batch mode:              YES
macOS version:           Version 13.0.1 (Build 22A400)
Darwin version:          22.1.0
Architecture:            x86_64
Running under Rosetta:   YES
Available memory:        32768 MB
Using pre-set license
Pro License: NO

COMMAND LINE ARGUMENTS:
/Applications/Unity/Hub/Editor/2020.3.29f1/Unity.app/Contents/MacOS/Unity
-adb2
-batchMode
-noUpm
-name
AssetImportWorker0
-projectPath
/Users/madilyn/Documents/GitHub/2022-SWU-3DProgramming-Project/JungJungbin-Project
-logFile
Logs/AssetImportWorker0.log
-srvPort
49189
Successfully changed project path to: /Users/madilyn/Documents/GitHub/2022-SWU-3DProgramming-Project/JungJungbin-Project
/Users/madilyn/Documents/GitHub/2022-SWU-3DProgramming-Project/JungJungbin-Project
Using Asset Import Pipeline V2.
Refreshing native plugins compatible for Editor in 40.36 ms, found 2 plugins.
Preloading 0 native plugins for Editor in 0.00 ms.
Initialize engine version: 2020.3.29f1 (2ff179115da0)
[Subsystems] Discovering subsystems at path /Applications/Unity/Hub/Editor/2020.3.29f1/Unity.app/Contents/Resources/UnitySubsystems
[Subsystems] Discovering subsystems at path /Users/madilyn/Documents/GitHub/2022-SWU-3DProgramming-Project/JungJungbin-Project/Assets
GfxDevice: creating device client; threaded=0
2022-12-17 15:35:55.457 Unity[40043:3799576] (null) preferred device: Apple M1 Pro (high power)
2022-12-17 15:35:55.457 Unity[40043:3799576] Metal devices available: 1
2022-12-17 15:35:55.457 Unity[40043:3799576] 0: Apple M1 Pro (high power)
2022-12-17 15:35:55.458 Unity[40043:3799576] Using device Apple M1 Pro (high power)
Initializing Metal device caps: Apple M1 Pro
Initialize mono
Mono path[0] = '/Applications/Unity/Hub/Editor/2020.3.29f1/Unity.app/Contents/Managed'
Mono path[1] = '/Applications/Unity/Hub/Editor/2020.3.29f1/Unity.app/Contents/MonoBleedingEdge/lib/mono/unityjit'
Mono config path = '/Applications/Unity/Hub/Editor/2020.3.29f1/Unity.app/Contents/MonoBleedingEdge/etc'
Using monoOptions --debugger-agent=transport=dt_socket,embedding=1,server=y,suspend=n,address=127.0.0.1:56043
Begin MonoManager ReloadAssembly
Registering precompiled unity dll's ...
Register platform support module: /Applications/Unity/Hub/Editor/2020.3.29f1/Unity.app/Contents/PlaybackEngines/MacStandaloneSupport/UnityEditor.OSXStandalone.Extensions.dll
Register platform support module: /Applications/Unity/Hub/Editor/2020.3.29f1/PlaybackEngines/WindowsStandaloneSupport/UnityEditor.WindowsStandalone.Extensions.dll
Registered in 0.000699 seconds.
Native extension for WindowsStandalone target not found
Native extension for OSXStandalone target not found
Refreshing native plugins compatible for Editor in 40.36 ms, found 2 plugins.
Preloading 0 native plugins for Editor in 0.00 ms.
Mono: successfully reloaded assembly
- Completed reload, in  1.422 seconds
Domain Reload Profiling:
	ReloadAssembly (1423ms)
		BeginReloadAssembly (106ms)
			ExecutionOrderSort (0ms)
			DisableScriptedObjects (0ms)
			BackupInstance (0ms)
			ReleaseScriptingObjects (0ms)
			CreateAndSetChildDomain (2ms)
		EndReloadAssembly (1188ms)
			LoadAssemblies (103ms)
			RebuildTransferFunctionScriptingTraits (0ms)
			SetupTypeCache (199ms)
			ReleaseScriptCaches (0ms)
			RebuildScriptCaches (43ms)
			SetupLoadedEditorAssemblies (613ms)
				LogAssemblyErrors (0ms)
				InitializePlatformSupportModulesInManaged (15ms)
				SetLoadedEditorAssemblies (0ms)
				RefreshPlugins (40ms)
				BeforeProcessingInitializeOnLoad (36ms)
				ProcessInitializeOnLoadAttributes (381ms)
				ProcessInitializeOnLoadMethodAttributes (139ms)
				AfterProcessingInitializeOnLoad (0ms)
				EditorAssembliesLoaded (1ms)
			ExecutionOrderSort2 (0ms)
			AwakeInstancesAfterBackupRestoration (0ms)
Platform modules already initialized, skipping
Registering precompiled user dll's ...
Registered in 0.001455 seconds.
Begin MonoManager ReloadAssembly
Native extension for WindowsStandalone target not found
Native extension for OSXStandalone target not found
Refreshing native plugins compatible for Editor in 0.44 ms, found 2 plugins.
Preloading 0 native plugins for Editor in 0.00 ms.
Mono: successfully reloaded assembly
- Completed reload, in  2.499 seconds
Domain Reload Profiling:
	ReloadAssembly (2500ms)
		BeginReloadAssembly (280ms)
			ExecutionOrderSort (0ms)
			DisableScriptedObjects (39ms)
			BackupInstance (0ms)
			ReleaseScriptingObjects (0ms)
			CreateAndSetChildDomain (31ms)
		EndReloadAssembly (2120ms)
			LoadAssemblies (219ms)
			RebuildTransferFunctionScriptingTraits (0ms)
			SetupTypeCache (353ms)
			ReleaseScriptCaches (0ms)
			RebuildScriptCaches (51ms)
			SetupLoadedEditorAssemblies (1206ms)
				LogAssemblyErrors (0ms)
				InitializePlatformSupportModulesInManaged (19ms)
				SetLoadedEditorAssemblies (1ms)
				RefreshPlugins (0ms)
				BeforeProcessingInitializeOnLoad (228ms)
				ProcessInitializeOnLoadAttributes (919ms)
				ProcessInitializeOnLoadMethodAttributes (37ms)
				AfterProcessingInitializeOnLoad (2ms)
				EditorAssembliesLoaded (1ms)
			ExecutionOrderSort2 (0ms)
			AwakeInstancesAfterBackupRestoration (37ms)
Platform modules already initialized, skipping
Validating Project structure ... 0.005332 seconds.
Shader import version has changed; will reimport all shaders...
Upgrading shader files ...0.006610 seconds.
Application.AssetDatabase Initial Script Refresh Start
RefreshInfo: InitialScriptRefreshV2(NoUpdateAssetOptions) scanfilter:  ... 1 filters
RefreshProfiler: Total: 0.000ms
Application.AssetDatabase Initial Script Refresh End
Application.AssetDatabase.Refresh Start
Application.AssetDatabase.Refresh End
RefreshInfo: StopAssetImportingV2(ForceSynchronousImport) scanfilter: 
RefreshProfiler: Total: 0.000ms
Launching external process: /Applications/Unity/Hub/Editor/2020.3.29f1/Unity.app/Contents/Tools/UnityShaderCompiler
Launched and connected shader compiler UnityShaderCompiler after 0.04 seconds
Initializing Unity extensions:
2022-12-17 15:36:01.020 Unity[40043:3799576] NSEventModifierFlagFunction specified to -setKeyEquivalentModifierMask: for item <NSMenuItem: 0x7f9986e07a80 Font Asset, ke='Command-F12'>, but is only supported for system-provided menu items; will not be used
2022-12-17 15:36:01.023 Unity[40043:3799576] NSEventModifierFlagFunction specified to -setKeyEquivalentModifierMask: for item <NSMenuItem: 0x7f9986bba4e0 Font Asset, ke='Command-F12'>, but is only supported for system-provided menu items; will not be used
========================================================================
Worker process is ready to serve import requests
Refreshing native plugins compatible for Editor in 0.36 ms, found 2 plugins.
Preloading 0 native plugins for Editor in 0.00 ms.
Unloading 1529 Unused Serialized files (Serialized files now loaded: 0)
System memory in use before: 73.4 MB.
System memory in use after: 72.6 MB.

Unloading 88 unused Assets to reduce memory usage. Loaded Objects now: 2009.
Total: 3.001625 ms (FindLiveObjects: 0.097125 ms CreateObjectMapping: 0.040500 ms MarkObjects: 2.329083 ms  DeleteObjects: 0.531459 ms)

AssetImportParameters requested are different than current active one (requested -> active):
  custom:video-decoder-ogg-theora: a1e56fd34408186e4bbccfd4996cb3dc -> 
  custom:container-muxer-webm: aa71ff27fc2769a1b78a27578f13a17b -> 
  custom:container-demuxer-webm: 4f35f7cbe854078d1ac9338744f61a02 -> 
  custom:container-demuxer-ogg: 62fdf1f143b41e24485cea50d1cbac27 -> 
  custom:video-encoder-webm-vp8: eb34c28f22e8b96e1ab97ce403110664 -> 
  custom:framework-osx-AVFoundation: e770b220cccbd017edd2c1fefb359320 -> 
  custom:video-decoder-webm-vp8: 9c59270c3fd7afecdb556c50c9e8de78 -> 
  custom:audio-decoder-ogg-vorbis: bf7c407c2cedff20999df2af8eb42d56 -> 
  custom:audio-encoder-webm-vorbis: bf7c407c2cedff20999df2af8eb42d56 -> 
========================================================================
Received Import Request.
  path: Assets/Scenes/Game.unity
  artifactKey: Guid(9fc0d4010bbf28b4594072e72b8655ab) Importer(815301076,1909f56bfc062723c751e8b465ee728b)
Start importing Assets/Scenes/Game.unity using Guid(9fc0d4010bbf28b4594072e72b8655ab) Importer(815301076,1909f56bfc062723c751e8b465ee728b)  -> (artifact id: '57a184a0eed7fdff735cc59695c2e60c') in 0.020921 seconds 
  Import took 0.023578 seconds .

========================================================================
Received Prepare
Registering precompiled user dll's ...
Registered in 0.001471 seconds.
Begin MonoManager ReloadAssembly
Native extension for WindowsStandalone target not found
Native extension for OSXStandalone target not found
Refreshing native plugins compatible for Editor in 0.42 ms, found 2 plugins.
Preloading 0 native plugins for Editor in 0.00 ms.
2022-12-17 15:39:32.786 Unity[40043:3799576] NSEventModifierFlagFunction specified to -setKeyEquivalentModifierMask: for item <NSMenuItem: 0x7f9986a72c00 Font Asset, ke='Command-F12'>, but is only supported for system-provided menu items; will not be used
Mono: successfully reloaded assembly
- Completed reload, in  2.366 seconds
Domain Reload Profiling:
	ReloadAssembly (2366ms)
		BeginReloadAssembly (211ms)
			ExecutionOrderSort (0ms)
			DisableScriptedObjects (35ms)
			BackupInstance (0ms)
			ReleaseScriptingObjects (0ms)
			CreateAndSetChildDomain (57ms)
		EndReloadAssembly (2060ms)
			LoadAssemblies (207ms)
			RebuildTransferFunctionScriptingTraits (0ms)
			SetupTypeCache (329ms)
			ReleaseScriptCaches (1ms)
			RebuildScriptCaches (46ms)
			SetupLoadedEditorAssemblies (1183ms)
				LogAssemblyErrors (0ms)
				InitializePlatformSupportModulesInManaged (17ms)
				SetLoadedEditorAssemblies (2ms)
				RefreshPlugins (0ms)
				BeforeProcessingInitializeOnLoad (258ms)
				ProcessInitializeOnLoadAttributes (868ms)
				ProcessInitializeOnLoadMethodAttributes (36ms)
				AfterProcessingInitializeOnLoad (1ms)
				EditorAssembliesLoaded (1ms)
			ExecutionOrderSort2 (0ms)
			AwakeInstancesAfterBackupRestoration (38ms)
Platform modules already initialized, skipping
Refreshing native plugins compatible for Editor in 0.32 ms, found 2 plugins.
Preloading 0 native plugins for Editor in 0.00 ms.
Unloading 1521 Unused Serialized files (Serialized files now loaded: 0)
System memory in use before: 72.8 MB.
System memory in use after: 72.9 MB.

Unloading 13 unused Assets to reduce memory usage. Loaded Objects now: 2013.
Total: 2.392833 ms (FindLiveObjects: 0.071000 ms CreateObjectMapping: 0.036667 ms MarkObjects: 2.263958 ms  DeleteObjects: 0.019500 ms)

AssetImportParameters requested are different than current active one (requested -> active):
  custom:video-decoder-ogg-theora: a1e56fd34408186e4bbccfd4996cb3dc -> 
  custom:container-muxer-webm: aa71ff27fc2769a1b78a27578f13a17b -> 
  custom:container-demuxer-webm: 4f35f7cbe854078d1ac9338744f61a02 -> 
  custom:container-demuxer-ogg: 62fdf1f143b41e24485cea50d1cbac27 -> 
  custom:video-encoder-webm-vp8: eb34c28f22e8b96e1ab97ce403110664 -> 
  custom:framework-osx-AVFoundation: e770b220cccbd017edd2c1fefb359320 -> 
  custom:video-decoder-webm-vp8: 9c59270c3fd7afecdb556c50c9e8de78 -> 
  custom:audio-decoder-ogg-vorbis: bf7c407c2cedff20999df2af8eb42d56 -> 
  custom:audio-encoder-webm-vorbis: bf7c407c2cedff20999df2af8eb42d56 -> 
========================================================================
Received Import Request.
  Time since last request: 561.749337 seconds.
  path: Assets/Fake Santa/FakeSantaAnimatorController.controller
  artifactKey: Guid(6d5a67e58942048dd8344050a6e6b48c) Importer(815301076,1909f56bfc062723c751e8b465ee728b)
Start importing Assets/Fake Santa/FakeSantaAnimatorController.controller using Guid(6d5a67e58942048dd8344050a6e6b48c) Importer(815301076,1909f56bfc062723c751e8b465ee728b)  -> (artifact id: 'be66c3c0f65a32b76325126e608e67bf') in 0.570254 seconds 
  Import took 0.576524 seconds .

========================================================================
Received Import Request.
  Time since last request: 733.888762 seconds.
  path: Assets/Fake Santa/FakeSanta.prefab
  artifactKey: Guid(93fae9bb758f0403fb39387bfb3bc462) Importer(815301076,1909f56bfc062723c751e8b465ee728b)
Start importing Assets/Fake Santa/FakeSanta.prefab using Guid(93fae9bb758f0403fb39387bfb3bc462) Importer(815301076,1909f56bfc062723c751e8b465ee728b)  -> (artifact id: '2708fe147a00969597ca09b2a5e349a9') in 0.320529 seconds 
  Import took 0.329359 seconds .

========================================================================
Received Import Request.
  Time since last request: 9.171321 seconds.
  path: Assets/Fake Santa/FakeSanta.prefab
  artifactKey: Guid(93fae9bb758f0403fb39387bfb3bc462) Importer(815301076,1909f56bfc062723c751e8b465ee728b)
Start importing Assets/Fake Santa/FakeSanta.prefab using Guid(93fae9bb758f0403fb39387bfb3bc462) Importer(815301076,1909f56bfc062723c751e8b465ee728b)  -> (artifact id: '983f8f8e14268ef211ba72d5df660176') in 0.078854 seconds 
  Import took 0.085385 seconds .

========================================================================
Received Import Request.
  Time since last request: 4.972233 seconds.
  path: Assets/Fake Santa/FakeSanta.prefab
  artifactKey: Guid(93fae9bb758f0403fb39387bfb3bc462) Importer(815301076,1909f56bfc062723c751e8b465ee728b)
Start importing Assets/Fake Santa/FakeSanta.prefab using Guid(93fae9bb758f0403fb39387bfb3bc462) Importer(815301076,1909f56bfc062723c751e8b465ee728b)  -> (artifact id: '478a6736d5f25660a467944621e8a16e') in 0.072737 seconds 
  Import took 0.079788 seconds .

========================================================================
Received Import Request.
  Time since last request: 10.788167 seconds.
  path: Assets/Fake Santa/FakeSanta.prefab
  artifactKey: Guid(93fae9bb758f0403fb39387bfb3bc462) Importer(815301076,1909f56bfc062723c751e8b465ee728b)
Start importing Assets/Fake Santa/FakeSanta.prefab using Guid(93fae9bb758f0403fb39387bfb3bc462) Importer(815301076,1909f56bfc062723c751e8b465ee728b)  -> (artifact id: '458d01f904b734092a93201122e4b19d') in 0.072028 seconds 
  Import took 0.079006 seconds .

========================================================================
Received Import Request.
  Time since last request: 1027.179234 seconds.
  path: Assets/Fake Santa/MoveAgent.cs
  artifactKey: Guid(45b0ca0df8e5740f5828ce708fcae9f7) Importer(815301076,1909f56bfc062723c751e8b465ee728b)
Start importing Assets/Fake Santa/MoveAgent.cs using Guid(45b0ca0df8e5740f5828ce708fcae9f7) Importer(815301076,1909f56bfc062723c751e8b465ee728b)  -> (artifact id: '2a8e908cd9785851edee4c182d8fe097') in 0.149956 seconds 
  Import took 0.155547 seconds .

========================================================================
Received Prepare
Registering precompiled user dll's ...
Registered in 0.001437 seconds.
Begin MonoManager ReloadAssembly
Native extension for WindowsStandalone target not found
Native extension for OSXStandalone target not found
Refreshing native plugins compatible for Editor in 0.49 ms, found 2 plugins.
Preloading 0 native plugins for Editor in 0.00 ms.
2022-12-17 16:15:23.903 Unity[40043:3799576] NSEventModifierFlagFunction specified to -setKeyEquivalentModifierMask: for item <NSMenuItem: 0x7f9996058f40 Font Asset, ke='Command-F12'>, but is only supported for system-provided menu items; will not be used
Mono: successfully reloaded assembly
- Completed reload, in  2.556 seconds
Domain Reload Profiling:
	ReloadAssembly (2557ms)
		BeginReloadAssembly (233ms)
			ExecutionOrderSort (0ms)
			DisableScriptedObjects (40ms)
			BackupInstance (0ms)
			ReleaseScriptingObjects (0ms)
			CreateAndSetChildDomain (64ms)
		EndReloadAssembly (2223ms)
			LoadAssemblies (229ms)
			RebuildTransferFunctionScriptingTraits (0ms)
			SetupTypeCache (350ms)
			ReleaseScriptCaches (1ms)
			RebuildScriptCaches (49ms)
			SetupLoadedEditorAssemblies (1265ms)
				LogAssemblyErrors (0ms)
				InitializePlatformSupportModulesInManaged (21ms)
				SetLoadedEditorAssemblies (2ms)
				RefreshPlugins (1ms)
				BeforeProcessingInitializeOnLoad (281ms)
				ProcessInitializeOnLoadAttributes (923ms)
				ProcessInitializeOnLoadMethodAttributes (36ms)
				AfterProcessingInitializeOnLoad (2ms)
				EditorAssembliesLoaded (1ms)
			ExecutionOrderSort2 (0ms)
			AwakeInstancesAfterBackupRestoration (41ms)
Platform modules already initialized, skipping
Refreshing native plugins compatible for Editor in 0.47 ms, found 2 plugins.
Preloading 0 native plugins for Editor in 0.00 ms.
Unloading 1522 Unused Serialized files (Serialized files now loaded: 0)
System memory in use before: 323.8 MB.
System memory in use after: 323.9 MB.

Unloading 12 unused Assets to reduce memory usage. Loaded Objects now: 2024.
Total: 2.384833 ms (FindLiveObjects: 0.074250 ms CreateObjectMapping: 0.037042 ms MarkObjects: 2.250875 ms  DeleteObjects: 0.021833 ms)

AssetImportParameters requested are different than current active one (requested -> active):
  custom:video-decoder-ogg-theora: a1e56fd34408186e4bbccfd4996cb3dc -> 
  custom:container-muxer-webm: aa71ff27fc2769a1b78a27578f13a17b -> 
  custom:container-demuxer-webm: 4f35f7cbe854078d1ac9338744f61a02 -> 
  custom:container-demuxer-ogg: 62fdf1f143b41e24485cea50d1cbac27 -> 
  custom:video-encoder-webm-vp8: eb34c28f22e8b96e1ab97ce403110664 -> 
  custom:framework-osx-AVFoundation: e770b220cccbd017edd2c1fefb359320 -> 
  custom:video-decoder-webm-vp8: 9c59270c3fd7afecdb556c50c9e8de78 -> 
  custom:audio-decoder-ogg-vorbis: bf7c407c2cedff20999df2af8eb42d56 -> 
  custom:audio-encoder-webm-vorbis: bf7c407c2cedff20999df2af8eb42d56 -> 
========================================================================
Received Import Request.
  Time since last request: 37474.136707 seconds.
  path: Assets/Fake Santa/MoveAgent.cs
  artifactKey: Guid(45b0ca0df8e5740f5828ce708fcae9f7) Importer(815301076,1909f56bfc062723c751e8b465ee728b)
Start importing Assets/Fake Santa/MoveAgent.cs using Guid(45b0ca0df8e5740f5828ce708fcae9f7) Importer(815301076,1909f56bfc062723c751e8b465ee728b)  -> (artifact id: '952d1110d41bab14fc63bf60031ab958') in 0.006851 seconds 
  Import took 0.009123 seconds .

========================================================================
Received Import Request.
  Time since last request: 3600.357180 seconds.
  path: Assets/Fake Santa/MoveAgent.cs
  artifactKey: Guid(45b0ca0df8e5740f5828ce708fcae9f7) Importer(815301076,1909f56bfc062723c751e8b465ee728b)
Start importing Assets/Fake Santa/MoveAgent.cs using Guid(45b0ca0df8e5740f5828ce708fcae9f7) Importer(815301076,1909f56bfc062723c751e8b465ee728b)  -> (artifact id: '518669b920feb358e17756836719a1e0') in 0.002112 seconds 
  Import took 0.004259 seconds .

========================================================================
Received Prepare
Registering precompiled user dll's ...
Registered in 0.001073 seconds.
Begin MonoManager ReloadAssembly
Native extension for WindowsStandalone target not found
Native extension for OSXStandalone target not found
Refreshing native plugins compatible for Editor in 0.40 ms, found 2 plugins.
Preloading 0 native plugins for Editor in 0.00 ms.
2022-12-18 10:08:43.523 Unity[40043:3799576] NSEventModifierFlagFunction specified to -setKeyEquivalentModifierMask: for item <NSMenuItem: 0x7f9987998dd0 Font Asset, ke='Command-F12'>, but is only supported for system-provided menu items; will not be used
Mono: successfully reloaded assembly
- Completed reload, in  1.982 seconds
Domain Reload Profiling:
	ReloadAssembly (1983ms)
		BeginReloadAssembly (178ms)
			ExecutionOrderSort (0ms)
			DisableScriptedObjects (29ms)
			BackupInstance (0ms)
			ReleaseScriptingObjects (0ms)
			CreateAndSetChildDomain (45ms)
		EndReloadAssembly (1727ms)
			LoadAssemblies (174ms)
			RebuildTransferFunctionScriptingTraits (0ms)
			SetupTypeCache (273ms)
			ReleaseScriptCaches (1ms)
			RebuildScriptCaches (37ms)
			SetupLoadedEditorAssemblies (992ms)
				LogAssemblyErrors (0ms)
				InitializePlatformSupportModulesInManaged (15ms)
				SetLoadedEditorAssemblies (2ms)
				RefreshPlugins (0ms)
				BeforeProcessingInitializeOnLoad (218ms)
				ProcessInitializeOnLoadAttributes (725ms)
				ProcessInitializeOnLoadMethodAttributes (30ms)
				AfterProcessingInitializeOnLoad (1ms)
				EditorAssembliesLoaded (0ms)
			ExecutionOrderSort2 (0ms)
			AwakeInstancesAfterBackupRestoration (29ms)
Platform modules already initialized, skipping
Refreshing native plugins compatible for Editor in 0.38 ms, found 2 plugins.
Preloading 0 native plugins for Editor in 0.00 ms.
Unloading 1522 Unused Serialized files (Serialized files now loaded: 0)
System memory in use before: 321.8 MB.
System memory in use after: 321.9 MB.

Unloading 12 unused Assets to reduce memory usage. Loaded Objects now: 2027.
Total: 2.103416 ms (FindLiveObjects: 0.074750 ms CreateObjectMapping: 0.030709 ms MarkObjects: 1.978792 ms  DeleteObjects: 0.018084 ms)

AssetImportParameters requested are different than current active one (requested -> active):
  custom:video-decoder-ogg-theora: a1e56fd34408186e4bbccfd4996cb3dc -> 
  custom:container-muxer-webm: aa71ff27fc2769a1b78a27578f13a17b -> 
  custom:container-demuxer-webm: 4f35f7cbe854078d1ac9338744f61a02 -> 
  custom:container-demuxer-ogg: 62fdf1f143b41e24485cea50d1cbac27 -> 
  custom:video-encoder-webm-vp8: eb34c28f22e8b96e1ab97ce403110664 -> 
  custom:framework-osx-AVFoundation: e770b220cccbd017edd2c1fefb359320 -> 
  custom:video-decoder-webm-vp8: 9c59270c3fd7afecdb556c50c9e8de78 -> 
  custom:audio-decoder-ogg-vorbis: bf7c407c2cedff20999df2af8eb42d56 -> 
  custom:audio-encoder-webm-vorbis: bf7c407c2cedff20999df2af8eb42d56 -> 
========================================================================
Received Import Request.
  Time since last request: 83.547003 seconds.
  path: Assets/Fake Santa/FakeSanta.prefab
  artifactKey: Guid(93fae9bb758f0403fb39387bfb3bc462) Importer(815301076,1909f56bfc062723c751e8b465ee728b)
Start importing Assets/Fake Santa/FakeSanta.prefab using Guid(93fae9bb758f0403fb39387bfb3bc462) Importer(815301076,1909f56bfc062723c751e8b465ee728b)  -> (artifact id: 'bf52e046f63efd5a9c29a6c7ba176fa2') in 0.216375 seconds 
  Import took 0.222930 seconds .

========================================================================
Received Prepare
Registering precompiled user dll's ...
Registered in 0.001326 seconds.
Begin MonoManager ReloadAssembly
Native extension for WindowsStandalone target not found
Native extension for OSXStandalone target not found
Refreshing native plugins compatible for Editor in 0.37 ms, found 2 plugins.
Preloading 0 native plugins for Editor in 0.00 ms.
2022-12-18 10:10:00.356 Unity[40043:3799576] NSEventModifierFlagFunction specified to -setKeyEquivalentModifierMask: for item <NSMenuItem: 0x7f9995f19990 Font Asset, ke='Command-F12'>, but is only supported for system-provided menu items; will not be used
Mono: successfully reloaded assembly
- Completed reload, in  2.185 seconds
Domain Reload Profiling:
	ReloadAssembly (2186ms)
		BeginReloadAssembly (213ms)
			ExecutionOrderSort (0ms)
			DisableScriptedObjects (29ms)
			BackupInstance (0ms)
			ReleaseScriptingObjects (0ms)
			CreateAndSetChildDomain (48ms)
		EndReloadAssembly (1890ms)
			LoadAssemblies (220ms)
			RebuildTransferFunctionScriptingTraits (0ms)
			SetupTypeCache (276ms)
			ReleaseScriptCaches (1ms)
			RebuildScriptCaches (38ms)
			SetupLoadedEditorAssemblies (1098ms)
				LogAssemblyErrors (0ms)
				InitializePlatformSupportModulesInManaged (17ms)
				SetLoadedEditorAssemblies (1ms)
				RefreshPlugins (0ms)
				BeforeProcessingInitializeOnLoad (235ms)
				ProcessInitializeOnLoadAttributes (811ms)
				ProcessInitializeOnLoadMethodAttributes (32ms)
				AfterProcessingInitializeOnLoad (1ms)
				EditorAssembliesLoaded (0ms)
			ExecutionOrderSort2 (0ms)
			AwakeInstancesAfterBackupRestoration (31ms)
Platform modules already initialized, skipping
Refreshing native plugins compatible for Editor in 0.40 ms, found 2 plugins.
Preloading 0 native plugins for Editor in 0.00 ms.
Unloading 1522 Unused Serialized files (Serialized files now loaded: 0)
System memory in use before: 323.8 MB.
System memory in use after: 323.9 MB.

Unloading 12 unused Assets to reduce memory usage. Loaded Objects now: 2031.
Total: 1.935584 ms (FindLiveObjects: 0.077750 ms CreateObjectMapping: 0.029750 ms MarkObjects: 1.806375 ms  DeleteObjects: 0.020708 ms)

AssetImportParameters requested are different than current active one (requested -> active):
  custom:video-decoder-ogg-theora: a1e56fd34408186e4bbccfd4996cb3dc -> 
  custom:container-muxer-webm: aa71ff27fc2769a1b78a27578f13a17b -> 
  custom:container-demuxer-webm: 4f35f7cbe854078d1ac9338744f61a02 -> 
  custom:container-demuxer-ogg: 62fdf1f143b41e24485cea50d1cbac27 -> 
  custom:video-encoder-webm-vp8: eb34c28f22e8b96e1ab97ce403110664 -> 
  custom:framework-osx-AVFoundation: e770b220cccbd017edd2c1fefb359320 -> 
  custom:video-decoder-webm-vp8: 9c59270c3fd7afecdb556c50c9e8de78 -> 
  custom:audio-decoder-ogg-vorbis: bf7c407c2cedff20999df2af8eb42d56 -> 
  custom:audio-encoder-webm-vorbis: bf7c407c2cedff20999df2af8eb42d56 -> 
========================================================================
Received Prepare
Registering precompiled user dll's ...
Registered in 0.001444 seconds.
Begin MonoManager ReloadAssembly
Native extension for WindowsStandalone target not found
Native extension for OSXStandalone target not found
Refreshing native plugins compatible for Editor in 0.40 ms, found 2 plugins.
Preloading 0 native plugins for Editor in 0.00 ms.
2022-12-18 15:38:16.504 Unity[40043:3799576] NSEventModifierFlagFunction specified to -setKeyEquivalentModifierMask: for item <NSMenuItem: 0x7f9986ecda00 Font Asset, ke='Command-F12'>, but is only supported for system-provided menu items; will not be used
Mono: successfully reloaded assembly
- Completed reload, in  1.992 seconds
Domain Reload Profiling:
	ReloadAssembly (1993ms)
		BeginReloadAssembly (176ms)
			ExecutionOrderSort (0ms)
			DisableScriptedObjects (30ms)
			BackupInstance (0ms)
			ReleaseScriptingObjects (0ms)
			CreateAndSetChildDomain (47ms)
		EndReloadAssembly (1736ms)
			LoadAssemblies (174ms)
			RebuildTransferFunctionScriptingTraits (0ms)
			SetupTypeCache (268ms)
			ReleaseScriptCaches (1ms)
			RebuildScriptCaches (37ms)
			SetupLoadedEditorAssemblies (994ms)
				LogAssemblyErrors (0ms)
				InitializePlatformSupportModulesInManaged (14ms)
				SetLoadedEditorAssemblies (2ms)
				RefreshPlugins (0ms)
				BeforeProcessingInitializeOnLoad (228ms)
				ProcessInitializeOnLoadAttributes (719ms)
				ProcessInitializeOnLoadMethodAttributes (30ms)
				AfterProcessingInitializeOnLoad (1ms)
				EditorAssembliesLoaded (0ms)
			ExecutionOrderSort2 (0ms)
			AwakeInstancesAfterBackupRestoration (32ms)
Platform modules already initialized, skipping
Refreshing native plugins compatible for Editor in 0.33 ms, found 2 plugins.
Preloading 0 native plugins for Editor in 0.00 ms.
Unloading 1522 Unused Serialized files (Serialized files now loaded: 0)
System memory in use before: 325.1 MB.
System memory in use after: 325.2 MB.

Unloading 12 unused Assets to reduce memory usage. Loaded Objects now: 2034.
Total: 2.045000 ms (FindLiveObjects: 0.069416 ms CreateObjectMapping: 0.030458 ms MarkObjects: 1.924292 ms  DeleteObjects: 0.019917 ms)

AssetImportParameters requested are different than current active one (requested -> active):
  custom:video-decoder-ogg-theora: a1e56fd34408186e4bbccfd4996cb3dc -> 
  custom:container-muxer-webm: aa71ff27fc2769a1b78a27578f13a17b -> 
  custom:container-demuxer-webm: 4f35f7cbe854078d1ac9338744f61a02 -> 
  custom:container-demuxer-ogg: 62fdf1f143b41e24485cea50d1cbac27 -> 
  custom:video-encoder-webm-vp8: eb34c28f22e8b96e1ab97ce403110664 -> 
  custom:framework-osx-AVFoundation: e770b220cccbd017edd2c1fefb359320 -> 
  custom:video-decoder-webm-vp8: 9c59270c3fd7afecdb556c50c9e8de78 -> 
  custom:audio-decoder-ogg-vorbis: bf7c407c2cedff20999df2af8eb42d56 -> 
  custom:audio-encoder-webm-vorbis: bf7c407c2cedff20999df2af8eb42d56 -> 
========================================================================
Received Prepare
Registering precompiled user dll's ...
Registered in 0.001188 seconds.
Begin MonoManager ReloadAssembly
Native extension for WindowsStandalone target not found
Native extension for OSXStandalone target not found
Refreshing native plugins compatible for Editor in 0.37 ms, found 2 plugins.
Preloading 0 native plugins for Editor in 0.00 ms.
2022-12-18 16:56:05.032 Unity[40043:3799576] NSEventModifierFlagFunction specified to -setKeyEquivalentModifierMask: for item <NSMenuItem: 0x7f99d5fe4ed0 Font Asset, ke='Command-F12'>, but is only supported for system-provided menu items; will not be used
Mono: successfully reloaded assembly
- Completed reload, in  2.073 seconds
Domain Reload Profiling:
	ReloadAssembly (2075ms)
		BeginReloadAssembly (218ms)
			ExecutionOrderSort (0ms)
			DisableScriptedObjects (33ms)
			BackupInstance (0ms)
			ReleaseScriptingObjects (0ms)
			CreateAndSetChildDomain (70ms)
		EndReloadAssembly (1775ms)
			LoadAssemblies (187ms)
			RebuildTransferFunctionScriptingTraits (0ms)
			SetupTypeCache (278ms)
			ReleaseScriptCaches (1ms)
			RebuildScriptCaches (37ms)
			SetupLoadedEditorAssemblies (1028ms)
				LogAssemblyErrors (0ms)
				InitializePlatformSupportModulesInManaged (14ms)
				SetLoadedEditorAssemblies (1ms)
				RefreshPlugins (0ms)
				BeforeProcessingInitializeOnLoad (226ms)
				ProcessInitializeOnLoadAttributes (758ms)
				ProcessInitializeOnLoadMethodAttributes (26ms)
				AfterProcessingInitializeOnLoad (1ms)
				EditorAssembliesLoaded (0ms)
			ExecutionOrderSort2 (0ms)
			AwakeInstancesAfterBackupRestoration (29ms)
Platform modules already initialized, skipping
Refreshing native plugins compatible for Editor in 0.41 ms, found 2 plugins.
Preloading 0 native plugins for Editor in 0.00 ms.
Unloading 1523 Unused Serialized files (Serialized files now loaded: 0)
System memory in use before: 317.2 MB.
System memory in use after: 317.3 MB.

Unloading 12 unused Assets to reduce memory usage. Loaded Objects now: 2038.
Total: 2.041042 ms (FindLiveObjects: 0.087542 ms CreateObjectMapping: 0.030167 ms MarkObjects: 1.876041 ms  DeleteObjects: 0.046125 ms)

AssetImportParameters requested are different than current active one (requested -> active):
  custom:video-decoder-ogg-theora: a1e56fd34408186e4bbccfd4996cb3dc -> 
  custom:container-muxer-webm: aa71ff27fc2769a1b78a27578f13a17b -> 
  custom:container-demuxer-webm: 4f35f7cbe854078d1ac9338744f61a02 -> 
  custom:container-demuxer-ogg: 62fdf1f143b41e24485cea50d1cbac27 -> 
  custom:video-encoder-webm-vp8: eb34c28f22e8b96e1ab97ce403110664 -> 
  custom:framework-osx-AVFoundation: e770b220cccbd017edd2c1fefb359320 -> 
  custom:video-decoder-webm-vp8: 9c59270c3fd7afecdb556c50c9e8de78 -> 
  custom:audio-decoder-ogg-vorbis: bf7c407c2cedff20999df2af8eb42d56 -> 
  custom:audio-encoder-webm-vorbis: bf7c407c2cedff20999df2af8eb42d56 -> 
========================================================================
Received Import Request.
  Time since last request: 24412.064555 seconds.
  path: Assets/Scripts/Su.cs
  artifactKey: Guid(ea1e9f5690ea448809fc99dc4e869774) Importer(815301076,1909f56bfc062723c751e8b465ee728b)
Start importing Assets/Scripts/Su.cs using Guid(ea1e9f5690ea448809fc99dc4e869774) Importer(815301076,1909f56bfc062723c751e8b465ee728b)  -> (artifact id: '073432932546e95444304bdb95998b8a') in 0.008028 seconds 
  Import took 0.009831 seconds .

========================================================================
Received Import Request.
  Time since last request: 26.696417 seconds.
  path: Assets/Scripts/SuffleList.cs
  artifactKey: Guid(ea1e9f5690ea448809fc99dc4e869774) Importer(815301076,1909f56bfc062723c751e8b465ee728b)
Start importing Assets/Scripts/SuffleList.cs using Guid(ea1e9f5690ea448809fc99dc4e869774) Importer(815301076,1909f56bfc062723c751e8b465ee728b)  -> (artifact id: 'e6193b7063b4e4a82e8806b5e2225ea1') in 0.002346 seconds 
  Import took 0.004460 seconds .

========================================================================
Received Prepare
Registering precompiled user dll's ...
Registered in 0.001161 seconds.
Begin MonoManager ReloadAssembly
Native extension for WindowsStandalone target not found
Native extension for OSXStandalone target not found
Refreshing native plugins compatible for Editor in 0.39 ms, found 2 plugins.
Preloading 0 native plugins for Editor in 0.00 ms.
2022-12-18 16:56:39.425 Unity[40043:3799576] NSEventModifierFlagFunction specified to -setKeyEquivalentModifierMask: for item <NSMenuItem: 0x7f9986e54150 Font Asset, ke='Command-F12'>, but is only supported for system-provided menu items; will not be used
Mono: successfully reloaded assembly
- Completed reload, in  2.035 seconds
Domain Reload Profiling:
	ReloadAssembly (2036ms)
		BeginReloadAssembly (189ms)
			ExecutionOrderSort (0ms)
			DisableScriptedObjects (31ms)
			BackupInstance (0ms)
			ReleaseScriptingObjects (0ms)
			CreateAndSetChildDomain (49ms)
		EndReloadAssembly (1766ms)
			LoadAssemblies (183ms)
			RebuildTransferFunctionScriptingTraits (0ms)
			SetupTypeCache (280ms)
			ReleaseScriptCaches (1ms)
			RebuildScriptCaches (38ms)
			SetupLoadedEditorAssemblies (1016ms)
				LogAssemblyErrors (0ms)
				InitializePlatformSupportModulesInManaged (16ms)
				SetLoadedEditorAssemblies (2ms)
				RefreshPlugins (0ms)
				BeforeProcessingInitializeOnLoad (222ms)
				ProcessInitializeOnLoadAttributes (745ms)
				ProcessInitializeOnLoadMethodAttributes (30ms)
				AfterProcessingInitializeOnLoad (1ms)
				EditorAssembliesLoaded (0ms)
			ExecutionOrderSort2 (0ms)
			AwakeInstancesAfterBackupRestoration (28ms)
Platform modules already initialized, skipping
Refreshing native plugins compatible for Editor in 0.39 ms, found 2 plugins.
Preloading 0 native plugins for Editor in 0.00 ms.
Unloading 1523 Unused Serialized files (Serialized files now loaded: 0)
System memory in use before: 319.2 MB.
System memory in use after: 319.3 MB.

Unloading 12 unused Assets to reduce memory usage. Loaded Objects now: 2041.
Total: 1.848417 ms (FindLiveObjects: 0.064916 ms CreateObjectMapping: 0.029000 ms MarkObjects: 1.733167 ms  DeleteObjects: 0.020750 ms)

AssetImportParameters requested are different than current active one (requested -> active):
  custom:video-decoder-ogg-theora: a1e56fd34408186e4bbccfd4996cb3dc -> 
  custom:container-muxer-webm: aa71ff27fc2769a1b78a27578f13a17b -> 
  custom:container-demuxer-webm: 4f35f7cbe854078d1ac9338744f61a02 -> 
  custom:container-demuxer-ogg: 62fdf1f143b41e24485cea50d1cbac27 -> 
  custom:video-encoder-webm-vp8: eb34c28f22e8b96e1ab97ce403110664 -> 
  custom:framework-osx-AVFoundation: e770b220cccbd017edd2c1fefb359320 -> 
  custom:video-decoder-webm-vp8: 9c59270c3fd7afecdb556c50c9e8de78 -> 
  custom:audio-decoder-ogg-vorbis: bf7c407c2cedff20999df2af8eb42d56 -> 
  custom:audio-encoder-webm-vorbis: bf7c407c2cedff20999df2af8eb42d56 -> 
========================================================================
Received Prepare
Registering precompiled user dll's ...
Registered in 0.001215 seconds.
Begin MonoManager ReloadAssembly
Native extension for WindowsStandalone target not found
Native extension for OSXStandalone target not found
Refreshing native plugins compatible for Editor in 0.40 ms, found 2 plugins.
Preloading 0 native plugins for Editor in 0.00 ms.
2022-12-18 16:57:13.504 Unity[40043:3799576] NSEventModifierFlagFunction specified to -setKeyEquivalentModifierMask: for item <NSMenuItem: 0x7f9986bc4970 Font Asset, ke='Command-F12'>, but is only supported for system-provided menu items; will not be used
Mono: successfully reloaded assembly
- Completed reload, in  2.090 seconds
Domain Reload Profiling:
	ReloadAssembly (2091ms)
		BeginReloadAssembly (189ms)
			ExecutionOrderSort (0ms)
			DisableScriptedObjects (31ms)
			BackupInstance (0ms)
			ReleaseScriptingObjects (0ms)
			CreateAndSetChildDomain (49ms)
		EndReloadAssembly (1819ms)
			LoadAssemblies (188ms)
			RebuildTransferFunctionScriptingTraits (0ms)
			SetupTypeCache (271ms)
			ReleaseScriptCaches (1ms)
			RebuildScriptCaches (38ms)
			SetupLoadedEditorAssemblies (1064ms)
				LogAssemblyErrors (0ms)
				InitializePlatformSupportModulesInManaged (16ms)
				SetLoadedEditorAssemblies (2ms)
				RefreshPlugins (0ms)
				BeforeProcessingInitializeOnLoad (229ms)
				ProcessInitializeOnLoadAttributes (766ms)
				ProcessInitializeOnLoadMethodAttributes (51ms)
				AfterProcessingInitializeOnLoad (1ms)
				EditorAssembliesLoaded (0ms)
			ExecutionOrderSort2 (0ms)
			AwakeInstancesAfterBackupRestoration (31ms)
Platform modules already initialized, skipping
Refreshing native plugins compatible for Editor in 0.47 ms, found 2 plugins.
Preloading 0 native plugins for Editor in 0.00 ms.
Unloading 1522 Unused Serialized files (Serialized files now loaded: 0)
System memory in use before: 321.2 MB.
System memory in use after: 321.3 MB.

Unloading 13 unused Assets to reduce memory usage. Loaded Objects now: 2043.
Total: 2.031292 ms (FindLiveObjects: 0.075584 ms CreateObjectMapping: 0.036000 ms MarkObjects: 1.893792 ms  DeleteObjects: 0.024833 ms)

AssetImportParameters requested are different than current active one (requested -> active):
  custom:video-decoder-ogg-theora: a1e56fd34408186e4bbccfd4996cb3dc -> 
  custom:container-muxer-webm: aa71ff27fc2769a1b78a27578f13a17b -> 
  custom:container-demuxer-webm: 4f35f7cbe854078d1ac9338744f61a02 -> 
  custom:container-demuxer-ogg: 62fdf1f143b41e24485cea50d1cbac27 -> 
  custom:video-encoder-webm-vp8: eb34c28f22e8b96e1ab97ce403110664 -> 
  custom:framework-osx-AVFoundation: e770b220cccbd017edd2c1fefb359320 -> 
  custom:video-decoder-webm-vp8: 9c59270c3fd7afecdb556c50c9e8de78 -> 
  custom:audio-decoder-ogg-vorbis: bf7c407c2cedff20999df2af8eb42d56 -> 
  custom:audio-encoder-webm-vorbis: bf7c407c2cedff20999df2af8eb42d56 -> 
========================================================================
Received Prepare
Registering precompiled user dll's ...
Registered in 0.001371 seconds.
Begin MonoManager ReloadAssembly
Native extension for WindowsStandalone target not found
Native extension for OSXStandalone target not found
Refreshing native plugins compatible for Editor in 0.40 ms, found 2 plugins.
Preloading 0 native plugins for Editor in 0.00 ms.
2022-12-18 17:08:36.037 Unity[40043:3799576] NSEventModifierFlagFunction specified to -setKeyEquivalentModifierMask: for item <NSMenuItem: 0x7f99962640b0 Font Asset, ke='Command-F12'>, but is only supported for system-provided menu items; will not be used
Mono: successfully reloaded assembly
- Completed reload, in  2.124 seconds
Domain Reload Profiling:
	ReloadAssembly (2125ms)
		BeginReloadAssembly (188ms)
			ExecutionOrderSort (0ms)
			DisableScriptedObjects (32ms)
			BackupInstance (0ms)
			ReleaseScriptingObjects (0ms)
			CreateAndSetChildDomain (49ms)
		EndReloadAssembly (1854ms)
			LoadAssemblies (194ms)
			RebuildTransferFunctionScriptingTraits (0ms)
			SetupTypeCache (280ms)
			ReleaseScriptCaches (1ms)
			RebuildScriptCaches (37ms)
			SetupLoadedEditorAssemblies (1079ms)
				LogAssemblyErrors (0ms)
				InitializePlatformSupportModulesInManaged (16ms)
				SetLoadedEditorAssemblies (2ms)
				RefreshPlugins (0ms)
				BeforeProcessingInitializeOnLoad (231ms)
				ProcessInitializeOnLoadAttributes (794ms)
				ProcessInitializeOnLoadMethodAttributes (33ms)
				AfterProcessingInitializeOnLoad (1ms)
				EditorAssembliesLoaded (1ms)
			ExecutionOrderSort2 (0ms)
			AwakeInstancesAfterBackupRestoration (31ms)
Platform modules already initialized, skipping
Refreshing native plugins compatible for Editor in 0.36 ms, found 2 plugins.
Preloading 0 native plugins for Editor in 0.00 ms.
Unloading 1522 Unused Serialized files (Serialized files now loaded: 0)
System memory in use before: 323.2 MB.
System memory in use after: 323.3 MB.

Unloading 12 unused Assets to reduce memory usage. Loaded Objects now: 2046.
Total: 1.933708 ms (FindLiveObjects: 0.077875 ms CreateObjectMapping: 0.029167 ms MarkObjects: 1.803750 ms  DeleteObjects: 0.022084 ms)

AssetImportParameters requested are different than current active one (requested -> active):
  custom:video-decoder-ogg-theora: a1e56fd34408186e4bbccfd4996cb3dc -> 
  custom:container-muxer-webm: aa71ff27fc2769a1b78a27578f13a17b -> 
  custom:container-demuxer-webm: 4f35f7cbe854078d1ac9338744f61a02 -> 
  custom:container-demuxer-ogg: 62fdf1f143b41e24485cea50d1cbac27 -> 
  custom:video-encoder-webm-vp8: eb34c28f22e8b96e1ab97ce403110664 -> 
  custom:framework-osx-AVFoundation: e770b220cccbd017edd2c1fefb359320 -> 
  custom:video-decoder-webm-vp8: 9c59270c3fd7afecdb556c50c9e8de78 -> 
  custom:audio-decoder-ogg-vorbis: bf7c407c2cedff20999df2af8eb42d56 -> 
  custom:audio-encoder-webm-vorbis: bf7c407c2cedff20999df2af8eb42d56 -> 
========================================================================
Received Prepare
Registering precompiled user dll's ...
Registered in 0.001079 seconds.
Begin MonoManager ReloadAssembly
Native extension for WindowsStandalone target not found
Native extension for OSXStandalone target not found
Refreshing native plugins compatible for Editor in 0.41 ms, found 2 plugins.
Preloading 0 native plugins for Editor in 0.00 ms.
2022-12-18 17:12:30.529 Unity[40043:3799576] NSEventModifierFlagFunction specified to -setKeyEquivalentModifierMask: for item <NSMenuItem: 0x7f9995f7ab20 Font Asset, ke='Command-F12'>, but is only supported for system-provided menu items; will not be used
Mono: successfully reloaded assembly
- Completed reload, in  2.123 seconds
Domain Reload Profiling:
	ReloadAssembly (2124ms)
		BeginReloadAssembly (181ms)
			ExecutionOrderSort (0ms)
			DisableScriptedObjects (32ms)
			BackupInstance (0ms)
			ReleaseScriptingObjects (0ms)
			CreateAndSetChildDomain (47ms)
		EndReloadAssembly (1859ms)
			LoadAssemblies (182ms)
			RebuildTransferFunctionScriptingTraits (0ms)
			SetupTypeCache (276ms)
			ReleaseScriptCaches (1ms)
			RebuildScriptCaches (41ms)
			SetupLoadedEditorAssemblies (1094ms)
				LogAssemblyErrors (0ms)
				InitializePlatformSupportModulesInManaged (15ms)
				SetLoadedEditorAssemblies (2ms)
				RefreshPlugins (0ms)
				BeforeProcessingInitializeOnLoad (244ms)
				ProcessInitializeOnLoadAttributes (801ms)
				ProcessInitializeOnLoadMethodAttributes (31ms)
				AfterProcessingInitializeOnLoad (1ms)
				EditorAssembliesLoaded (0ms)
			ExecutionOrderSort2 (0ms)
			AwakeInstancesAfterBackupRestoration (29ms)
Platform modules already initialized, skipping
Refreshing native plugins compatible for Editor in 0.40 ms, found 2 plugins.
Preloading 0 native plugins for Editor in 0.00 ms.
Unloading 1522 Unused Serialized files (Serialized files now loaded: 0)
System memory in use before: 324.8 MB.
System memory in use after: 324.9 MB.

Unloading 12 unused Assets to reduce memory usage. Loaded Objects now: 2049.
Total: 2.333792 ms (FindLiveObjects: 0.170542 ms CreateObjectMapping: 0.079292 ms MarkObjects: 2.012917 ms  DeleteObjects: 0.069666 ms)

AssetImportParameters requested are different than current active one (requested -> active):
  custom:video-decoder-ogg-theora: a1e56fd34408186e4bbccfd4996cb3dc -> 
  custom:container-muxer-webm: aa71ff27fc2769a1b78a27578f13a17b -> 
  custom:container-demuxer-webm: 4f35f7cbe854078d1ac9338744f61a02 -> 
  custom:container-demuxer-ogg: 62fdf1f143b41e24485cea50d1cbac27 -> 
  custom:video-encoder-webm-vp8: eb34c28f22e8b96e1ab97ce403110664 -> 
  custom:framework-osx-AVFoundation: e770b220cccbd017edd2c1fefb359320 -> 
  custom:video-decoder-webm-vp8: 9c59270c3fd7afecdb556c50c9e8de78 -> 
  custom:audio-decoder-ogg-vorbis: bf7c407c2cedff20999df2af8eb42d56 -> 
  custom:audio-encoder-webm-vorbis: bf7c407c2cedff20999df2af8eb42d56 -> 
========================================================================
Received Prepare
Registering precompiled user dll's ...
Registered in 0.001263 seconds.
Begin MonoManager ReloadAssembly
Native extension for WindowsStandalone target not found
Native extension for OSXStandalone target not found
Refreshing native plugins compatible for Editor in 0.44 ms, found 2 plugins.
Preloading 0 native plugins for Editor in 0.00 ms.
2022-12-18 17:13:45.374 Unity[40043:3799576] NSEventModifierFlagFunction specified to -setKeyEquivalentModifierMask: for item <NSMenuItem: 0x7f9995f767d0 Font Asset, ke='Command-F12'>, but is only supported for system-provided menu items; will not be used
Mono: successfully reloaded assembly
- Completed reload, in  2.090 seconds
Domain Reload Profiling:
	ReloadAssembly (2091ms)
		BeginReloadAssembly (183ms)
			ExecutionOrderSort (0ms)
			DisableScriptedObjects (31ms)
			BackupInstance (0ms)
			ReleaseScriptingObjects (0ms)
			CreateAndSetChildDomain (48ms)
		EndReloadAssembly (1827ms)
			LoadAssemblies (178ms)
			RebuildTransferFunctionScriptingTraits (0ms)
			SetupTypeCache (278ms)
			ReleaseScriptCaches (1ms)
			RebuildScriptCaches (37ms)
			SetupLoadedEditorAssemblies (1066ms)
				LogAssemblyErrors (0ms)
				InitializePlatformSupportModulesInManaged (15ms)
				SetLoadedEditorAssemblies (2ms)
				RefreshPlugins (0ms)
				BeforeProcessingInitializeOnLoad (264ms)
				ProcessInitializeOnLoadAttributes (755ms)
				ProcessInitializeOnLoadMethodAttributes (27ms)
				AfterProcessingInitializeOnLoad (1ms)
				EditorAssembliesLoaded (0ms)
			ExecutionOrderSort2 (0ms)
			AwakeInstancesAfterBackupRestoration (32ms)
Platform modules already initialized, skipping
Refreshing native plugins compatible for Editor in 0.38 ms, found 2 plugins.
Preloading 0 native plugins for Editor in 0.00 ms.
Unloading 1522 Unused Serialized files (Serialized files now loaded: 0)
System memory in use before: 326.7 MB.
System memory in use after: 326.8 MB.

Unloading 12 unused Assets to reduce memory usage. Loaded Objects now: 2052.
Total: 1.868708 ms (FindLiveObjects: 0.062917 ms CreateObjectMapping: 0.028708 ms MarkObjects: 1.757167 ms  DeleteObjects: 0.019167 ms)

AssetImportParameters requested are different than current active one (requested -> active):
  custom:video-decoder-ogg-theora: a1e56fd34408186e4bbccfd4996cb3dc -> 
  custom:container-muxer-webm: aa71ff27fc2769a1b78a27578f13a17b -> 
  custom:container-demuxer-webm: 4f35f7cbe854078d1ac9338744f61a02 -> 
  custom:container-demuxer-ogg: 62fdf1f143b41e24485cea50d1cbac27 -> 
  custom:video-encoder-webm-vp8: eb34c28f22e8b96e1ab97ce403110664 -> 
  custom:framework-osx-AVFoundation: e770b220cccbd017edd2c1fefb359320 -> 
  custom:video-decoder-webm-vp8: 9c59270c3fd7afecdb556c50c9e8de78 -> 
  custom:audio-decoder-ogg-vorbis: bf7c407c2cedff20999df2af8eb42d56 -> 
  custom:audio-encoder-webm-vorbis: bf7c407c2cedff20999df2af8eb42d56 -> 
========================================================================
Received Import Request.
  Time since last request: 1086.713963 seconds.
  path: Assets/Fake Santa/FakeSantaAnimatorController.controller
  artifactKey: Guid(6d5a67e58942048dd8344050a6e6b48c) Importer(815301076,1909f56bfc062723c751e8b465ee728b)
Start importing Assets/Fake Santa/FakeSantaAnimatorController.controller using Guid(6d5a67e58942048dd8344050a6e6b48c) Importer(815301076,1909f56bfc062723c751e8b465ee728b)  -> (artifact id: 'c65388b4374484367ed7413f2e3f0c61') in 0.035389 seconds 
  Import took 0.038186 seconds .

========================================================================
Received Prepare
Registering precompiled user dll's ...
Registered in 0.001201 seconds.
Begin MonoManager ReloadAssembly
Native extension for WindowsStandalone target not found
Native extension for OSXStandalone target not found
Refreshing native plugins compatible for Editor in 0.38 ms, found 2 plugins.
Preloading 0 native plugins for Editor in 0.00 ms.
2022-12-18 17:15:40.247 Unity[40043:3799576] NSEventModifierFlagFunction specified to -setKeyEquivalentModifierMask: for item <NSMenuItem: 0x7f9995f436d0 Font Asset, ke='Command-F12'>, but is only supported for system-provided menu items; will not be used
Mono: successfully reloaded assembly
- Completed reload, in  1.938 seconds
Domain Reload Profiling:
	ReloadAssembly (1939ms)
		BeginReloadAssembly (172ms)
			ExecutionOrderSort (0ms)
			DisableScriptedObjects (29ms)
			BackupInstance (0ms)
			ReleaseScriptingObjects (0ms)
			CreateAndSetChildDomain (47ms)
		EndReloadAssembly (1689ms)
			LoadAssemblies (167ms)
			RebuildTransferFunctionScriptingTraits (0ms)
			SetupTypeCache (276ms)
			ReleaseScriptCaches (1ms)
			RebuildScriptCaches (38ms)
			SetupLoadedEditorAssemblies (958ms)
				LogAssemblyErrors (0ms)
				InitializePlatformSupportModulesInManaged (16ms)
				SetLoadedEditorAssemblies (1ms)
				RefreshPlugins (0ms)
				BeforeProcessingInitializeOnLoad (218ms)
				ProcessInitializeOnLoadAttributes (692ms)
				ProcessInitializeOnLoadMethodAttributes (29ms)
				AfterProcessingInitializeOnLoad (1ms)
				EditorAssembliesLoaded (0ms)
			ExecutionOrderSort2 (0ms)
			AwakeInstancesAfterBackupRestoration (29ms)
Platform modules already initialized, skipping
Refreshing native plugins compatible for Editor in 0.30 ms, found 2 plugins.
Preloading 0 native plugins for Editor in 0.00 ms.
Unloading 1522 Unused Serialized files (Serialized files now loaded: 0)
System memory in use before: 328.4 MB.
System memory in use after: 328.5 MB.

Unloading 12 unused Assets to reduce memory usage. Loaded Objects now: 2055.
Total: 1.909792 ms (FindLiveObjects: 0.061583 ms CreateObjectMapping: 0.030750 ms MarkObjects: 1.797500 ms  DeleteObjects: 0.019375 ms)

AssetImportParameters requested are different than current active one (requested -> active):
  custom:video-decoder-ogg-theora: a1e56fd34408186e4bbccfd4996cb3dc -> 
  custom:container-muxer-webm: aa71ff27fc2769a1b78a27578f13a17b -> 
  custom:container-demuxer-webm: 4f35f7cbe854078d1ac9338744f61a02 -> 
  custom:container-demuxer-ogg: 62fdf1f143b41e24485cea50d1cbac27 -> 
  custom:video-encoder-webm-vp8: eb34c28f22e8b96e1ab97ce403110664 -> 
  custom:framework-osx-AVFoundation: e770b220cccbd017edd2c1fefb359320 -> 
  custom:video-decoder-webm-vp8: 9c59270c3fd7afecdb556c50c9e8de78 -> 
  custom:audio-decoder-ogg-vorbis: bf7c407c2cedff20999df2af8eb42d56 -> 
  custom:audio-encoder-webm-vorbis: bf7c407c2cedff20999df2af8eb42d56 -> 
========================================================================
Received Import Request.
  Time since last request: 136.092806 seconds.
  path: Assets/Fake Santa/FakeSantaAI.cs
  artifactKey: Guid(3e374a9fd2a1145ea862d61e1342ca40) Importer(815301076,1909f56bfc062723c751e8b465ee728b)
Start importing Assets/Fake Santa/FakeSantaAI.cs using Guid(3e374a9fd2a1145ea862d61e1342ca40) Importer(815301076,1909f56bfc062723c751e8b465ee728b)  -> (artifact id: 'd4cf5b71228c661f4abfe2ed72ab0523') in 0.006528 seconds 
  Import took 0.008707 seconds .

========================================================================
Received Prepare
Registering precompiled user dll's ...
Registered in 0.001075 seconds.
Begin MonoManager ReloadAssembly
Native extension for WindowsStandalone target not found
Native extension for OSXStandalone target not found
Refreshing native plugins compatible for Editor in 0.37 ms, found 2 plugins.
Preloading 0 native plugins for Editor in 0.00 ms.
2022-12-18 17:17:02.101 Unity[40043:3799576] NSEventModifierFlagFunction specified to -setKeyEquivalentModifierMask: for item <NSMenuItem: 0x7f9985f71630 Font Asset, ke='Command-F12'>, but is only supported for system-provided menu items; will not be used
Mono: successfully reloaded assembly
- Completed reload, in  2.007 seconds
Domain Reload Profiling:
	ReloadAssembly (2007ms)
		BeginReloadAssembly (176ms)
			ExecutionOrderSort (0ms)
			DisableScriptedObjects (29ms)
			BackupInstance (0ms)
			ReleaseScriptingObjects (0ms)
			CreateAndSetChildDomain (46ms)
		EndReloadAssembly (1752ms)
			LoadAssemblies (170ms)
			RebuildTransferFunctionScriptingTraits (0ms)
			SetupTypeCache (275ms)
			ReleaseScriptCaches (1ms)
			RebuildScriptCaches (38ms)
			SetupLoadedEditorAssemblies (1022ms)
				LogAssemblyErrors (0ms)
				InitializePlatformSupportModulesInManaged (15ms)
				SetLoadedEditorAssemblies (1ms)
				RefreshPlugins (0ms)
				BeforeProcessingInitializeOnLoad (221ms)
				ProcessInitializeOnLoadAttributes (752ms)
				ProcessInitializeOnLoadMethodAttributes (31ms)
				AfterProcessingInitializeOnLoad (1ms)
				EditorAssembliesLoaded (0ms)
			ExecutionOrderSort2 (0ms)
			AwakeInstancesAfterBackupRestoration (29ms)
Platform modules already initialized, skipping
Refreshing native plugins compatible for Editor in 0.31 ms, found 2 plugins.
Preloading 0 native plugins for Editor in 0.00 ms.
Unloading 1523 Unused Serialized files (Serialized files now loaded: 0)
System memory in use before: 330.4 MB.
System memory in use after: 330.5 MB.

Unloading 12 unused Assets to reduce memory usage. Loaded Objects now: 2059.
Total: 1.875459 ms (FindLiveObjects: 0.067750 ms CreateObjectMapping: 0.028750 ms MarkObjects: 1.758208 ms  DeleteObjects: 0.017041 ms)

AssetImportParameters requested are different than current active one (requested -> active):
  custom:video-decoder-ogg-theora: a1e56fd34408186e4bbccfd4996cb3dc -> 
  custom:container-muxer-webm: aa71ff27fc2769a1b78a27578f13a17b -> 
  custom:container-demuxer-webm: 4f35f7cbe854078d1ac9338744f61a02 -> 
  custom:container-demuxer-ogg: 62fdf1f143b41e24485cea50d1cbac27 -> 
  custom:video-encoder-webm-vp8: eb34c28f22e8b96e1ab97ce403110664 -> 
  custom:framework-osx-AVFoundation: e770b220cccbd017edd2c1fefb359320 -> 
  custom:video-decoder-webm-vp8: 9c59270c3fd7afecdb556c50c9e8de78 -> 
  custom:audio-decoder-ogg-vorbis: bf7c407c2cedff20999df2af8eb42d56 -> 
  custom:audio-encoder-webm-vorbis: bf7c407c2cedff20999df2af8eb42d56 -> 
========================================================================
Received Import Request.
  Time since last request: 913.635959 seconds.
  path: Assets/Fake Santa/SantaClaus@Falling Back Death 1.fbx
  artifactKey: Guid(4c1894428a2394d4cb8c6feb1286e6ed) Importer(815301076,1909f56bfc062723c751e8b465ee728b)
Start importing Assets/Fake Santa/SantaClaus@Falling Back Death 1.fbx using Guid(4c1894428a2394d4cb8c6feb1286e6ed) Importer(815301076,1909f56bfc062723c751e8b465ee728b)  -> (artifact id: 'ec2d8afd342ff98f05c1234bdac25137') in 0.139391 seconds 
  Import took 0.145105 seconds .

========================================================================
Received Import Request.
  Time since last request: 2.708843 seconds.
  path: Assets/Fake Santa/SantaClaus@Falling Back Death.fbx
  artifactKey: Guid(0048eef2b305c4214b3e0e0987c30c0b) Importer(815301076,1909f56bfc062723c751e8b465ee728b)
Start importing Assets/Fake Santa/SantaClaus@Falling Back Death.fbx using Guid(0048eef2b305c4214b3e0e0987c30c0b) Importer(815301076,1909f56bfc062723c751e8b465ee728b)  -> (artifact id: '040f56e1e517c7ce65a6d716b076c707') in 0.006460 seconds 
  Import took 0.009232 seconds .

========================================================================
Received Import Request.
  Time since last request: 10.783005 seconds.
  path: Assets/Fake Santa/SantaClaus@Die.fbx
  artifactKey: Guid(0048eef2b305c4214b3e0e0987c30c0b) Importer(815301076,1909f56bfc062723c751e8b465ee728b)
Start importing Assets/Fake Santa/SantaClaus@Die.fbx using Guid(0048eef2b305c4214b3e0e0987c30c0b) Importer(815301076,1909f56bfc062723c751e8b465ee728b)  -> (artifact id: '056e91949a63f3e48074f5ac657d9602') in 0.006079 seconds 
  Import took 0.009078 seconds .

========================================================================
Received Import Request.
  Time since last request: 13.534718 seconds.
  path: Assets/Fake Santa/SantaClaus@Die.fbx
  artifactKey: Guid(0048eef2b305c4214b3e0e0987c30c0b) Importer(815301076,1909f56bfc062723c751e8b465ee728b)
Start importing Assets/Fake Santa/SantaClaus@Die.fbx using Guid(0048eef2b305c4214b3e0e0987c30c0b) Importer(815301076,1909f56bfc062723c751e8b465ee728b)  -> (artifact id: '83ed9d9dc85e878dcdf718bdf61e0235') in 0.005552 seconds 
  Import took 0.008482 seconds .

========================================================================
Received Import Request.
  Time since last request: 13.097394 seconds.
  path: Assets/Fake Santa/SantaClaus@Die.fbx
  artifactKey: Guid(0048eef2b305c4214b3e0e0987c30c0b) Importer(815301076,1909f56bfc062723c751e8b465ee728b)
Start importing Assets/Fake Santa/SantaClaus@Die.fbx using Guid(0048eef2b305c4214b3e0e0987c30c0b) Importer(815301076,1909f56bfc062723c751e8b465ee728b)  -> (artifact id: '082bb92caad97cdcf161c0de8279096c') in 0.005166 seconds 
  Import took 0.008474 seconds .

========================================================================
Received Prepare
Registering precompiled user dll's ...
Registered in 0.001177 seconds.
Begin MonoManager ReloadAssembly
Native extension for WindowsStandalone target not found
Native extension for OSXStandalone target not found
Refreshing native plugins compatible for Editor in 0.41 ms, found 2 plugins.
Preloading 0 native plugins for Editor in 0.00 ms.
2022-12-18 17:35:27.022 Unity[40043:3799576] NSEventModifierFlagFunction specified to -setKeyEquivalentModifierMask: for item <NSMenuItem: 0x7f9986e723c0 Font Asset, ke='Command-F12'>, but is only supported for system-provided menu items; will not be used
Mono: successfully reloaded assembly
- Completed reload, in  2.010 seconds
Domain Reload Profiling:
	ReloadAssembly (2011ms)
		BeginReloadAssembly (181ms)
			ExecutionOrderSort (0ms)
			DisableScriptedObjects (31ms)
			BackupInstance (0ms)
			ReleaseScriptingObjects (0ms)
			CreateAndSetChildDomain (49ms)
		EndReloadAssembly (1747ms)
			LoadAssemblies (176ms)
			RebuildTransferFunctionScriptingTraits (0ms)
			SetupTypeCache (275ms)
			ReleaseScriptCaches (1ms)
			RebuildScriptCaches (38ms)
			SetupLoadedEditorAssemblies (1010ms)
				LogAssemblyErrors (0ms)
				InitializePlatformSupportModulesInManaged (16ms)
				SetLoadedEditorAssemblies (1ms)
				RefreshPlugins (0ms)
				BeforeProcessingInitializeOnLoad (223ms)
				ProcessInitializeOnLoadAttributes (739ms)
				ProcessInitializeOnLoadMethodAttributes (28ms)
				AfterProcessingInitializeOnLoad (1ms)
				EditorAssembliesLoaded (0ms)
			ExecutionOrderSort2 (0ms)
			AwakeInstancesAfterBackupRestoration (28ms)
Platform modules already initialized, skipping
Refreshing native plugins compatible for Editor in 0.37 ms, found 2 plugins.
Preloading 0 native plugins for Editor in 0.00 ms.
Unloading 1523 Unused Serialized files (Serialized files now loaded: 0)
System memory in use before: 411.1 MB.
System memory in use after: 411.2 MB.

Unloading 12 unused Assets to reduce memory usage. Loaded Objects now: 2062.
Total: 2.032666 ms (FindLiveObjects: 0.078791 ms CreateObjectMapping: 0.031209 ms MarkObjects: 1.898500 ms  DeleteObjects: 0.023333 ms)

AssetImportParameters requested are different than current active one (requested -> active):
  custom:video-decoder-ogg-theora: a1e56fd34408186e4bbccfd4996cb3dc -> 
  custom:container-muxer-webm: aa71ff27fc2769a1b78a27578f13a17b -> 
  custom:container-demuxer-webm: 4f35f7cbe854078d1ac9338744f61a02 -> 
  custom:container-demuxer-ogg: 62fdf1f143b41e24485cea50d1cbac27 -> 
  custom:video-encoder-webm-vp8: eb34c28f22e8b96e1ab97ce403110664 -> 
  custom:framework-osx-AVFoundation: e770b220cccbd017edd2c1fefb359320 -> 
  custom:video-decoder-webm-vp8: 9c59270c3fd7afecdb556c50c9e8de78 -> 
  custom:audio-decoder-ogg-vorbis: bf7c407c2cedff20999df2af8eb42d56 -> 
  custom:audio-encoder-webm-vorbis: bf7c407c2cedff20999df2af8eb42d56 -> 
========================================================================
Received Prepare
Registering precompiled user dll's ...
Registered in 0.001196 seconds.
Begin MonoManager ReloadAssembly
Native extension for WindowsStandalone target not found
Native extension for OSXStandalone target not found
Refreshing native plugins compatible for Editor in 0.38 ms, found 2 plugins.
Preloading 0 native plugins for Editor in 0.00 ms.
2022-12-18 17:36:42.390 Unity[40043:3799576] NSEventModifierFlagFunction specified to -setKeyEquivalentModifierMask: for item <NSMenuItem: 0x7f99963fd420 Font Asset, ke='Command-F12'>, but is only supported for system-provided menu items; will not be used
Mono: successfully reloaded assembly
- Completed reload, in  2.013 seconds
Domain Reload Profiling:
	ReloadAssembly (2014ms)
		BeginReloadAssembly (182ms)
			ExecutionOrderSort (0ms)
			DisableScriptedObjects (30ms)
			BackupInstance (0ms)
			ReleaseScriptingObjects (0ms)
			CreateAndSetChildDomain (49ms)
		EndReloadAssembly (1750ms)
			LoadAssemblies (176ms)
			RebuildTransferFunctionScriptingTraits (0ms)
			SetupTypeCache (273ms)
			ReleaseScriptCaches (1ms)
			RebuildScriptCaches (38ms)
			SetupLoadedEditorAssemblies (1015ms)
				LogAssemblyErrors (0ms)
				InitializePlatformSupportModulesInManaged (15ms)
				SetLoadedEditorAssemblies (1ms)
				RefreshPlugins (0ms)
				BeforeProcessingInitializeOnLoad (221ms)
				ProcessInitializeOnLoadAttributes (747ms)
				ProcessInitializeOnLoadMethodAttributes (29ms)
				AfterProcessingInitializeOnLoad (1ms)
				EditorAssembliesLoaded (0ms)
			ExecutionOrderSort2 (0ms)
			AwakeInstancesAfterBackupRestoration (30ms)
Platform modules already initialized, skipping
Refreshing native plugins compatible for Editor in 0.36 ms, found 2 plugins.
Preloading 0 native plugins for Editor in 0.00 ms.
Unloading 1523 Unused Serialized files (Serialized files now loaded: 0)
System memory in use before: 412.9 MB.
System memory in use after: 413.0 MB.

Unloading 12 unused Assets to reduce memory usage. Loaded Objects now: 2065.
Total: 1.859500 ms (FindLiveObjects: 0.062375 ms CreateObjectMapping: 0.029000 ms MarkObjects: 1.745417 ms  DeleteObjects: 0.021791 ms)

AssetImportParameters requested are different than current active one (requested -> active):
  custom:video-decoder-ogg-theora: a1e56fd34408186e4bbccfd4996cb3dc -> 
  custom:container-muxer-webm: aa71ff27fc2769a1b78a27578f13a17b -> 
  custom:container-demuxer-webm: 4f35f7cbe854078d1ac9338744f61a02 -> 
  custom:container-demuxer-ogg: 62fdf1f143b41e24485cea50d1cbac27 -> 
  custom:video-encoder-webm-vp8: eb34c28f22e8b96e1ab97ce403110664 -> 
  custom:framework-osx-AVFoundation: e770b220cccbd017edd2c1fefb359320 -> 
  custom:video-decoder-webm-vp8: 9c59270c3fd7afecdb556c50c9e8de78 -> 
  custom:audio-decoder-ogg-vorbis: bf7c407c2cedff20999df2af8eb42d56 -> 
  custom:audio-encoder-webm-vorbis: bf7c407c2cedff20999df2af8eb42d56 -> 
========================================================================
Received Import Request.
  Time since last request: 233.787714 seconds.
  path: Assets/Fake Santa/FakeSantaAI.cs
  artifactKey: Guid(3e374a9fd2a1145ea862d61e1342ca40) Importer(815301076,1909f56bfc062723c751e8b465ee728b)
Start importing Assets/Fake Santa/FakeSantaAI.cs using Guid(3e374a9fd2a1145ea862d61e1342ca40) Importer(815301076,1909f56bfc062723c751e8b465ee728b)  -> (artifact id: 'c2dba82fdfcf94f7389fc00b5816afd7') in 0.004876 seconds 
  Import took 0.007026 seconds .

========================================================================
Received Import Request.
  Time since last request: 1.275918 seconds.
  path: Assets/Fake Santa/FakeSantaAI1.cs
  artifactKey: Guid(17953842fc9d7449482d945d8a6aa9cd) Importer(815301076,1909f56bfc062723c751e8b465ee728b)
Start importing Assets/Fake Santa/FakeSantaAI1.cs using Guid(17953842fc9d7449482d945d8a6aa9cd) Importer(815301076,1909f56bfc062723c751e8b465ee728b)  -> (artifact id: '9386eca88aa5beea9a51296ff11ac840') in 0.001729 seconds 
  Import took 0.003933 seconds .

========================================================================
Received Import Request.
  Time since last request: 6.122109 seconds.
  path: Assets/Fake Santa/RealSantaAI.cs
  artifactKey: Guid(17953842fc9d7449482d945d8a6aa9cd) Importer(815301076,1909f56bfc062723c751e8b465ee728b)
Start importing Assets/Fake Santa/RealSantaAI.cs using Guid(17953842fc9d7449482d945d8a6aa9cd) Importer(815301076,1909f56bfc062723c751e8b465ee728b)  -> (artifact id: '2dfcc71988ffd7b64a6c202fa3869751') in 0.001713 seconds 
  Import took 0.003830 seconds .

========================================================================
Received Prepare
Registering precompiled user dll's ...
Registered in 0.001210 seconds.
Begin MonoManager ReloadAssembly
Native extension for WindowsStandalone target not found
Native extension for OSXStandalone target not found
Refreshing native plugins compatible for Editor in 0.38 ms, found 2 plugins.
Preloading 0 native plugins for Editor in 0.00 ms.
2022-12-18 17:37:20.445 Unity[40043:3799576] NSEventModifierFlagFunction specified to -setKeyEquivalentModifierMask: for item <NSMenuItem: 0x7f9975f864b0 Font Asset, ke='Command-F12'>, but is only supported for system-provided menu items; will not be used
Mono: successfully reloaded assembly
- Completed reload, in  2.052 seconds
Domain Reload Profiling:
	ReloadAssembly (2053ms)
		BeginReloadAssembly (173ms)
			ExecutionOrderSort (0ms)
			DisableScriptedObjects (28ms)
			BackupInstance (0ms)
			ReleaseScriptingObjects (0ms)
			CreateAndSetChildDomain (48ms)
		EndReloadAssembly (1801ms)
			LoadAssemblies (172ms)
			RebuildTransferFunctionScriptingTraits (0ms)
			SetupTypeCache (275ms)
			ReleaseScriptCaches (1ms)
			RebuildScriptCaches (37ms)
			SetupLoadedEditorAssemblies (1037ms)
				LogAssemblyErrors (0ms)
				InitializePlatformSupportModulesInManaged (15ms)
				SetLoadedEditorAssemblies (2ms)
				RefreshPlugins (0ms)
				BeforeProcessingInitializeOnLoad (235ms)
				ProcessInitializeOnLoadAttributes (754ms)
				ProcessInitializeOnLoadMethodAttributes (29ms)
				AfterProcessingInitializeOnLoad (1ms)
				EditorAssembliesLoaded (0ms)
			ExecutionOrderSort2 (0ms)
			AwakeInstancesAfterBackupRestoration (28ms)
Platform modules already initialized, skipping
Refreshing native plugins compatible for Editor in 0.34 ms, found 2 plugins.
Preloading 0 native plugins for Editor in 0.00 ms.
Unloading 1523 Unused Serialized files (Serialized files now loaded: 0)
System memory in use before: 414.9 MB.
System memory in use after: 415.0 MB.

Unloading 12 unused Assets to reduce memory usage. Loaded Objects now: 2068.
Total: 1.894000 ms (FindLiveObjects: 0.063959 ms CreateObjectMapping: 0.032042 ms MarkObjects: 1.777916 ms  DeleteObjects: 0.019584 ms)

AssetImportParameters requested are different than current active one (requested -> active):
  custom:video-decoder-ogg-theora: a1e56fd34408186e4bbccfd4996cb3dc -> 
  custom:container-muxer-webm: aa71ff27fc2769a1b78a27578f13a17b -> 
  custom:container-demuxer-webm: 4f35f7cbe854078d1ac9338744f61a02 -> 
  custom:container-demuxer-ogg: 62fdf1f143b41e24485cea50d1cbac27 -> 
  custom:video-encoder-webm-vp8: eb34c28f22e8b96e1ab97ce403110664 -> 
  custom:framework-osx-AVFoundation: e770b220cccbd017edd2c1fefb359320 -> 
  custom:video-decoder-webm-vp8: 9c59270c3fd7afecdb556c50c9e8de78 -> 
  custom:audio-decoder-ogg-vorbis: bf7c407c2cedff20999df2af8eb42d56 -> 
  custom:audio-encoder-webm-vorbis: bf7c407c2cedff20999df2af8eb42d56 -> 
========================================================================
Received Import Request.
  Time since last request: 39.759589 seconds.
  path: Assets/Real Santa/RealSanta.prefab
  artifactKey: Guid(c73f11c7efd75c44ba020cdfddad630e) Importer(815301076,1909f56bfc062723c751e8b465ee728b)
Start importing Assets/Real Santa/RealSanta.prefab using Guid(c73f11c7efd75c44ba020cdfddad630e) Importer(815301076,1909f56bfc062723c751e8b465ee728b)  -> (artifact id: 'a85f51c1bba41b21e0dca4cce569064b') in 0.209699 seconds 
  Import took 0.215753 seconds .

========================================================================
Received Import Request.
  Time since last request: 11.575719 seconds.
  path: Assets/Real Santa/RealSanta.prefab
  artifactKey: Guid(c73f11c7efd75c44ba020cdfddad630e) Importer(815301076,1909f56bfc062723c751e8b465ee728b)
Start importing Assets/Real Santa/RealSanta.prefab using Guid(c73f11c7efd75c44ba020cdfddad630e) Importer(815301076,1909f56bfc062723c751e8b465ee728b)  -> (artifact id: '6804d4bf06532e09a6c44f8baa23a014') in 0.069597 seconds 
  Import took 0.076064 seconds .

========================================================================
Received Prepare
Registering precompiled user dll's ...
Registered in 0.001155 seconds.
Begin MonoManager ReloadAssembly
Native extension for WindowsStandalone target not found
Native extension for OSXStandalone target not found
Refreshing native plugins compatible for Editor in 0.38 ms, found 2 plugins.
Preloading 0 native plugins for Editor in 0.00 ms.
2022-12-18 17:38:20.194 Unity[40043:3799576] NSEventModifierFlagFunction specified to -setKeyEquivalentModifierMask: for item <NSMenuItem: 0x7f99868da5a0 Font Asset, ke='Command-F12'>, but is only supported for system-provided menu items; will not be used
Mono: successfully reloaded assembly
- Completed reload, in  1.916 seconds
Domain Reload Profiling:
	ReloadAssembly (1917ms)
		BeginReloadAssembly (177ms)
			ExecutionOrderSort (0ms)
			DisableScriptedObjects (29ms)
			BackupInstance (0ms)
			ReleaseScriptingObjects (0ms)
			CreateAndSetChildDomain (48ms)
		EndReloadAssembly (1661ms)
			LoadAssemblies (165ms)
			RebuildTransferFunctionScriptingTraits (0ms)
			SetupTypeCache (271ms)
			ReleaseScriptCaches (1ms)
			RebuildScriptCaches (36ms)
			SetupLoadedEditorAssemblies (951ms)
				LogAssemblyErrors (0ms)
				InitializePlatformSupportModulesInManaged (14ms)
				SetLoadedEditorAssemblies (1ms)
				RefreshPlugins (0ms)
				BeforeProcessingInitializeOnLoad (213ms)
				ProcessInitializeOnLoadAttributes (692ms)
				ProcessInitializeOnLoadMethodAttributes (29ms)
				AfterProcessingInitializeOnLoad (1ms)
				EditorAssembliesLoaded (0ms)
			ExecutionOrderSort2 (0ms)
			AwakeInstancesAfterBackupRestoration (27ms)
Platform modules already initialized, skipping
Refreshing native plugins compatible for Editor in 0.32 ms, found 2 plugins.
Preloading 0 native plugins for Editor in 0.00 ms.
Unloading 1523 Unused Serialized files (Serialized files now loaded: 0)
System memory in use before: 417.1 MB.
System memory in use after: 417.2 MB.

Unloading 12 unused Assets to reduce memory usage. Loaded Objects now: 2072.
Total: 1.896250 ms (FindLiveObjects: 0.077167 ms CreateObjectMapping: 0.032666 ms MarkObjects: 1.767042 ms  DeleteObjects: 0.018458 ms)

AssetImportParameters requested are different than current active one (requested -> active):
  custom:video-decoder-ogg-theora: a1e56fd34408186e4bbccfd4996cb3dc -> 
  custom:container-muxer-webm: aa71ff27fc2769a1b78a27578f13a17b -> 
  custom:container-demuxer-webm: 4f35f7cbe854078d1ac9338744f61a02 -> 
  custom:container-demuxer-ogg: 62fdf1f143b41e24485cea50d1cbac27 -> 
  custom:video-encoder-webm-vp8: eb34c28f22e8b96e1ab97ce403110664 -> 
  custom:framework-osx-AVFoundation: e770b220cccbd017edd2c1fefb359320 -> 
  custom:video-decoder-webm-vp8: 9c59270c3fd7afecdb556c50c9e8de78 -> 
  custom:audio-decoder-ogg-vorbis: bf7c407c2cedff20999df2af8eb42d56 -> 
  custom:audio-encoder-webm-vorbis: bf7c407c2cedff20999df2af8eb42d56 -> 
========================================================================
Received Import Request.
  Time since last request: 38.706135 seconds.
  path: Assets/Real Santa/RealSanta.prefab
  artifactKey: Guid(c73f11c7efd75c44ba020cdfddad630e) Importer(815301076,1909f56bfc062723c751e8b465ee728b)
Start importing Assets/Real Santa/RealSanta.prefab using Guid(c73f11c7efd75c44ba020cdfddad630e) Importer(815301076,1909f56bfc062723c751e8b465ee728b)  -> (artifact id: '3adffaca4c58659bf3d08801ee888dfc') in 0.184967 seconds 
  Import took 0.190323 seconds .

========================================================================
Received Import Request.
  Time since last request: 26.914155 seconds.
  path: Assets/Real Santa/RealSanta.prefab
  artifactKey: Guid(c73f11c7efd75c44ba020cdfddad630e) Importer(815301076,1909f56bfc062723c751e8b465ee728b)
Start importing Assets/Real Santa/RealSanta.prefab using Guid(c73f11c7efd75c44ba020cdfddad630e) Importer(815301076,1909f56bfc062723c751e8b465ee728b)  -> (artifact id: '42288c2226837408f057fa0f66ae9e6f') in 0.065929 seconds 
  Import took 0.071954 seconds .

========================================================================
Received Import Request.
  Time since last request: 11.318907 seconds.
  path: Assets/Real Santa/RealSanta.prefab
  artifactKey: Guid(c73f11c7efd75c44ba020cdfddad630e) Importer(815301076,1909f56bfc062723c751e8b465ee728b)
Start importing Assets/Real Santa/RealSanta.prefab using Guid(c73f11c7efd75c44ba020cdfddad630e) Importer(815301076,1909f56bfc062723c751e8b465ee728b)  -> (artifact id: 'a4b1f7219dcd5ce6e419da429eb13a85') in 0.060626 seconds 
  Import took 0.066469 seconds .

========================================================================
Received Prepare
Registering precompiled user dll's ...
Registered in 0.001160 seconds.
Begin MonoManager ReloadAssembly
Native extension for WindowsStandalone target not found
Native extension for OSXStandalone target not found
Refreshing native plugins compatible for Editor in 0.38 ms, found 2 plugins.
Preloading 0 native plugins for Editor in 0.00 ms.
2022-12-18 17:45:21.290 Unity[40043:3799576] NSEventModifierFlagFunction specified to -setKeyEquivalentModifierMask: for item <NSMenuItem: 0x7f998687c280 Font Asset, ke='Command-F12'>, but is only supported for system-provided menu items; will not be used
Mono: successfully reloaded assembly
- Completed reload, in  1.979 seconds
Domain Reload Profiling:
	ReloadAssembly (1980ms)
		BeginReloadAssembly (176ms)
			ExecutionOrderSort (0ms)
			DisableScriptedObjects (28ms)
			BackupInstance (0ms)
			ReleaseScriptingObjects (0ms)
			CreateAndSetChildDomain (50ms)
		EndReloadAssembly (1723ms)
			LoadAssemblies (176ms)
			RebuildTransferFunctionScriptingTraits (0ms)
			SetupTypeCache (262ms)
			ReleaseScriptCaches (1ms)
			RebuildScriptCaches (37ms)
			SetupLoadedEditorAssemblies (997ms)
				LogAssemblyErrors (0ms)
				InitializePlatformSupportModulesInManaged (14ms)
				SetLoadedEditorAssemblies (1ms)
				RefreshPlugins (0ms)
				BeforeProcessingInitializeOnLoad (228ms)
				ProcessInitializeOnLoadAttributes (723ms)
				ProcessInitializeOnLoadMethodAttributes (29ms)
				AfterProcessingInitializeOnLoad (2ms)
				EditorAssembliesLoaded (0ms)
			ExecutionOrderSort2 (0ms)
			AwakeInstancesAfterBackupRestoration (32ms)
Platform modules already initialized, skipping
Refreshing native plugins compatible for Editor in 0.25 ms, found 2 plugins.
Preloading 0 native plugins for Editor in 0.00 ms.
Unloading 1523 Unused Serialized files (Serialized files now loaded: 0)
System memory in use before: 418.9 MB.
System memory in use after: 419.1 MB.

Unloading 12 unused Assets to reduce memory usage. Loaded Objects now: 2076.
Total: 1.866875 ms (FindLiveObjects: 0.062292 ms CreateObjectMapping: 0.028917 ms MarkObjects: 1.754500 ms  DeleteObjects: 0.020459 ms)

AssetImportParameters requested are different than current active one (requested -> active):
  custom:video-decoder-ogg-theora: a1e56fd34408186e4bbccfd4996cb3dc -> 
  custom:container-muxer-webm: aa71ff27fc2769a1b78a27578f13a17b -> 
  custom:container-demuxer-webm: 4f35f7cbe854078d1ac9338744f61a02 -> 
  custom:container-demuxer-ogg: 62fdf1f143b41e24485cea50d1cbac27 -> 
  custom:video-encoder-webm-vp8: eb34c28f22e8b96e1ab97ce403110664 -> 
  custom:framework-osx-AVFoundation: e770b220cccbd017edd2c1fefb359320 -> 
  custom:video-decoder-webm-vp8: 9c59270c3fd7afecdb556c50c9e8de78 -> 
  custom:audio-decoder-ogg-vorbis: bf7c407c2cedff20999df2af8eb42d56 -> 
  custom:audio-encoder-webm-vorbis: bf7c407c2cedff20999df2af8eb42d56 -> 
========================================================================
Received Prepare
Registering precompiled user dll's ...
Registered in 0.001228 seconds.
Begin MonoManager ReloadAssembly
Native extension for WindowsStandalone target not found
Native extension for OSXStandalone target not found
Refreshing native plugins compatible for Editor in 0.38 ms, found 2 plugins.
Preloading 0 native plugins for Editor in 0.00 ms.
2022-12-18 18:06:25.154 Unity[40043:3799576] NSEventModifierFlagFunction specified to -setKeyEquivalentModifierMask: for item <NSMenuItem: 0x7f9986ebd510 Font Asset, ke='Command-F12'>, but is only supported for system-provided menu items; will not be used
Mono: successfully reloaded assembly
- Completed reload, in  1.986 seconds
Domain Reload Profiling:
	ReloadAssembly (1987ms)
		BeginReloadAssembly (184ms)
			ExecutionOrderSort (0ms)
			DisableScriptedObjects (31ms)
			BackupInstance (0ms)
			ReleaseScriptingObjects (0ms)
			CreateAndSetChildDomain (49ms)
		EndReloadAssembly (1721ms)
			LoadAssemblies (176ms)
			RebuildTransferFunctionScriptingTraits (0ms)
			SetupTypeCache (271ms)
			ReleaseScriptCaches (1ms)
			RebuildScriptCaches (39ms)
			SetupLoadedEditorAssemblies (991ms)
				LogAssemblyErrors (0ms)
				InitializePlatformSupportModulesInManaged (14ms)
				SetLoadedEditorAssemblies (2ms)
				RefreshPlugins (0ms)
				BeforeProcessingInitializeOnLoad (222ms)
				ProcessInitializeOnLoadAttributes (723ms)
				ProcessInitializeOnLoadMethodAttributes (29ms)
				AfterProcessingInitializeOnLoad (1ms)
				EditorAssembliesLoaded (0ms)
			ExecutionOrderSort2 (0ms)
			AwakeInstancesAfterBackupRestoration (28ms)
Platform modules already initialized, skipping
Refreshing native plugins compatible for Editor in 0.29 ms, found 2 plugins.
Preloading 0 native plugins for Editor in 0.00 ms.
Unloading 1523 Unused Serialized files (Serialized files now loaded: 0)
System memory in use before: 419.5 MB.
System memory in use after: 419.6 MB.

Unloading 12 unused Assets to reduce memory usage. Loaded Objects now: 2079.
Total: 1.950250 ms (FindLiveObjects: 0.072209 ms CreateObjectMapping: 0.029916 ms MarkObjects: 1.830292 ms  DeleteObjects: 0.017208 ms)

AssetImportParameters requested are different than current active one (requested -> active):
  custom:video-decoder-ogg-theora: a1e56fd34408186e4bbccfd4996cb3dc -> 
  custom:container-muxer-webm: aa71ff27fc2769a1b78a27578f13a17b -> 
  custom:container-demuxer-webm: 4f35f7cbe854078d1ac9338744f61a02 -> 
  custom:container-demuxer-ogg: 62fdf1f143b41e24485cea50d1cbac27 -> 
  custom:video-encoder-webm-vp8: eb34c28f22e8b96e1ab97ce403110664 -> 
  custom:framework-osx-AVFoundation: e770b220cccbd017edd2c1fefb359320 -> 
  custom:video-decoder-webm-vp8: 9c59270c3fd7afecdb556c50c9e8de78 -> 
  custom:audio-decoder-ogg-vorbis: bf7c407c2cedff20999df2af8eb42d56 -> 
  custom:audio-encoder-webm-vorbis: bf7c407c2cedff20999df2af8eb42d56 -> 
========================================================================
Received Import Request.
  Time since last request: 1708.135846 seconds.
  path: Assets/Fake Santa/MoveAgent.cs
  artifactKey: Guid(45b0ca0df8e5740f5828ce708fcae9f7) Importer(815301076,1909f56bfc062723c751e8b465ee728b)
Start importing Assets/Fake Santa/MoveAgent.cs using Guid(45b0ca0df8e5740f5828ce708fcae9f7) Importer(815301076,1909f56bfc062723c751e8b465ee728b)  -> (artifact id: '2d7925e727a01852be04d41652658067') in 0.005048 seconds 
  Import took 0.007149 seconds .

========================================================================
Received Import Request.
  Time since last request: 0.783948 seconds.
  path: Assets/Fake Santa/MoveAgent1.cs
  artifactKey: Guid(d21653c6295e445f3a51c53291d8d998) Importer(815301076,1909f56bfc062723c751e8b465ee728b)
Start importing Assets/Fake Santa/MoveAgent1.cs using Guid(d21653c6295e445f3a51c53291d8d998) Importer(815301076,1909f56bfc062723c751e8b465ee728b)  -> (artifact id: '9a81b0e8b55ddf6ee48ad04ca8cb1e6f') in 0.002341 seconds 
  Import took 0.004644 seconds .

========================================================================
Received Import Request.
  Time since last request: 6.644493 seconds.
  path: Assets/Fake Santa/RealSantaMoveAgent.cs
  artifactKey: Guid(d21653c6295e445f3a51c53291d8d998) Importer(815301076,1909f56bfc062723c751e8b465ee728b)
Start importing Assets/Fake Santa/RealSantaMoveAgent.cs using Guid(d21653c6295e445f3a51c53291d8d998) Importer(815301076,1909f56bfc062723c751e8b465ee728b)  -> (artifact id: 'e9bb467d25a9fee41d69d4eddb87a332') in 0.001497 seconds 
  Import took 0.003644 seconds .

========================================================================
Received Import Request.
  Time since last request: 6.689601 seconds.
  path: Assets/Fake Santa/FakeSantaMoveAgent.cs
  artifactKey: Guid(45b0ca0df8e5740f5828ce708fcae9f7) Importer(815301076,1909f56bfc062723c751e8b465ee728b)
Start importing Assets/Fake Santa/FakeSantaMoveAgent.cs using Guid(45b0ca0df8e5740f5828ce708fcae9f7) Importer(815301076,1909f56bfc062723c751e8b465ee728b)  -> (artifact id: '7d0b0cd40211fc44f77e9ab391de25af') in 0.001376 seconds 
  Import took 0.003472 seconds .

========================================================================
Received Import Request.
  Time since last request: 45.220366 seconds.
  path: Assets/Fake Santa/MoveAgent.cs
  artifactKey: Guid(16c2e588c5d4b40b19d2b25297a0c28c) Importer(815301076,1909f56bfc062723c751e8b465ee728b)
Start importing Assets/Fake Santa/MoveAgent.cs using Guid(16c2e588c5d4b40b19d2b25297a0c28c) Importer(815301076,1909f56bfc062723c751e8b465ee728b)  -> (artifact id: 'bd5ea216ea3a1d63df4d58f95adcbfce') in 0.002623 seconds 
  Import took 0.005840 seconds .

========================================================================
Received Prepare
Registering precompiled user dll's ...
Registered in 0.001199 seconds.
Begin MonoManager ReloadAssembly
Native extension for WindowsStandalone target not found
Native extension for OSXStandalone target not found
Refreshing native plugins compatible for Editor in 0.40 ms, found 2 plugins.
Preloading 0 native plugins for Editor in 0.00 ms.
2022-12-18 18:09:41.786 Unity[40043:3799576] NSEventModifierFlagFunction specified to -setKeyEquivalentModifierMask: for item <NSMenuItem: 0x7f99879c1630 Font Asset, ke='Command-F12'>, but is only supported for system-provided menu items; will not be used
Mono: successfully reloaded assembly
- Completed reload, in  2.013 seconds
Domain Reload Profiling:
	ReloadAssembly (2014ms)
		BeginReloadAssembly (177ms)
			ExecutionOrderSort (0ms)
			DisableScriptedObjects (28ms)
			BackupInstance (0ms)
			ReleaseScriptingObjects (0ms)
			CreateAndSetChildDomain (50ms)
		EndReloadAssembly (1757ms)
			LoadAssemblies (169ms)
			RebuildTransferFunctionScriptingTraits (0ms)
			SetupTypeCache (276ms)
			ReleaseScriptCaches (1ms)
			RebuildScriptCaches (38ms)
			SetupLoadedEditorAssemblies (997ms)
				LogAssemblyErrors (0ms)
				InitializePlatformSupportModulesInManaged (13ms)
				SetLoadedEditorAssemblies (1ms)
				RefreshPlugins (0ms)
				BeforeProcessingInitializeOnLoad (217ms)
				ProcessInitializeOnLoadAttributes (733ms)
				ProcessInitializeOnLoadMethodAttributes (29ms)
				AfterProcessingInitializeOnLoad (1ms)
				EditorAssembliesLoaded (0ms)
			ExecutionOrderSort2 (0ms)
			AwakeInstancesAfterBackupRestoration (30ms)
Platform modules already initialized, skipping
Refreshing native plugins compatible for Editor in 0.38 ms, found 2 plugins.
Preloading 0 native plugins for Editor in 0.00 ms.
Unloading 1525 Unused Serialized files (Serialized files now loaded: 0)
System memory in use before: 421.5 MB.
System memory in use after: 421.6 MB.

Unloading 12 unused Assets to reduce memory usage. Loaded Objects now: 2084.
Total: 2.009666 ms (FindLiveObjects: 0.077292 ms CreateObjectMapping: 0.030958 ms MarkObjects: 1.878625 ms  DeleteObjects: 0.021875 ms)

AssetImportParameters requested are different than current active one (requested -> active):
  custom:video-decoder-ogg-theora: a1e56fd34408186e4bbccfd4996cb3dc -> 
  custom:container-muxer-webm: aa71ff27fc2769a1b78a27578f13a17b -> 
  custom:container-demuxer-webm: 4f35f7cbe854078d1ac9338744f61a02 -> 
  custom:container-demuxer-ogg: 62fdf1f143b41e24485cea50d1cbac27 -> 
  custom:video-encoder-webm-vp8: eb34c28f22e8b96e1ab97ce403110664 -> 
  custom:framework-osx-AVFoundation: e770b220cccbd017edd2c1fefb359320 -> 
  custom:video-decoder-webm-vp8: 9c59270c3fd7afecdb556c50c9e8de78 -> 
  custom:audio-decoder-ogg-vorbis: bf7c407c2cedff20999df2af8eb42d56 -> 
  custom:audio-encoder-webm-vorbis: bf7c407c2cedff20999df2af8eb42d56 -> 
========================================================================
Received Prepare
Registering precompiled user dll's ...
Registered in 0.001100 seconds.
Begin MonoManager ReloadAssembly
Native extension for WindowsStandalone target not found
Native extension for OSXStandalone target not found
Refreshing native plugins compatible for Editor in 0.39 ms, found 2 plugins.
Preloading 0 native plugins for Editor in 0.00 ms.
2022-12-18 18:09:50.774 Unity[40043:3799576] NSEventModifierFlagFunction specified to -setKeyEquivalentModifierMask: for item <NSMenuItem: 0x7f9986937bc0 Font Asset, ke='Command-F12'>, but is only supported for system-provided menu items; will not be used
Mono: successfully reloaded assembly
- Completed reload, in  2.010 seconds
Domain Reload Profiling:
	ReloadAssembly (2011ms)
		BeginReloadAssembly (181ms)
			ExecutionOrderSort (0ms)
			DisableScriptedObjects (30ms)
			BackupInstance (0ms)
			ReleaseScriptingObjects (0ms)
			CreateAndSetChildDomain (49ms)
		EndReloadAssembly (1747ms)
			LoadAssemblies (173ms)
			RebuildTransferFunctionScriptingTraits (0ms)
			SetupTypeCache (276ms)
			ReleaseScriptCaches (1ms)
			RebuildScriptCaches (36ms)
			SetupLoadedEditorAssemblies (1009ms)
				LogAssemblyErrors (0ms)
				InitializePlatformSupportModulesInManaged (15ms)
				SetLoadedEditorAssemblies (2ms)
				RefreshPlugins (0ms)
				BeforeProcessingInitializeOnLoad (228ms)
				ProcessInitializeOnLoadAttributes (737ms)
				ProcessInitializeOnLoadMethodAttributes (26ms)
				AfterProcessingInitializeOnLoad (1ms)
				EditorAssembliesLoaded (0ms)
			ExecutionOrderSort2 (0ms)
			AwakeInstancesAfterBackupRestoration (30ms)
Platform modules already initialized, skipping
Refreshing native plugins compatible for Editor in 0.27 ms, found 2 plugins.
Preloading 0 native plugins for Editor in 0.00 ms.
Unloading 1524 Unused Serialized files (Serialized files now loaded: 0)
System memory in use before: 423.5 MB.
System memory in use after: 423.6 MB.

Unloading 13 unused Assets to reduce memory usage. Loaded Objects now: 2086.
Total: 1.906417 ms (FindLiveObjects: 0.072666 ms CreateObjectMapping: 0.029000 ms MarkObjects: 1.786750 ms  DeleteObjects: 0.017375 ms)

AssetImportParameters requested are different than current active one (requested -> active):
  custom:video-decoder-ogg-theora: a1e56fd34408186e4bbccfd4996cb3dc -> 
  custom:container-muxer-webm: aa71ff27fc2769a1b78a27578f13a17b -> 
  custom:container-demuxer-webm: 4f35f7cbe854078d1ac9338744f61a02 -> 
  custom:container-demuxer-ogg: 62fdf1f143b41e24485cea50d1cbac27 -> 
  custom:video-encoder-webm-vp8: eb34c28f22e8b96e1ab97ce403110664 -> 
  custom:framework-osx-AVFoundation: e770b220cccbd017edd2c1fefb359320 -> 
  custom:video-decoder-webm-vp8: 9c59270c3fd7afecdb556c50c9e8de78 -> 
  custom:audio-decoder-ogg-vorbis: bf7c407c2cedff20999df2af8eb42d56 -> 
  custom:audio-encoder-webm-vorbis: bf7c407c2cedff20999df2af8eb42d56 -> 
========================================================================
Received Import Request.
  Time since last request: 107.886881 seconds.
  path: Assets/Fake Santa/FakeSanta.prefab
  artifactKey: Guid(93fae9bb758f0403fb39387bfb3bc462) Importer(815301076,1909f56bfc062723c751e8b465ee728b)
Start importing Assets/Fake Santa/FakeSanta.prefab using Guid(93fae9bb758f0403fb39387bfb3bc462) Importer(815301076,1909f56bfc062723c751e8b465ee728b)  -> (artifact id: '42980a07d16c416ed7df1747802a93bd') in 0.200350 seconds 
  Import took 0.206508 seconds .

========================================================================
Received Import Request.
  Time since last request: 24.472081 seconds.
  path: Assets/Fake Santa/FakeSantaAI.cs
  artifactKey: Guid(3e374a9fd2a1145ea862d61e1342ca40) Importer(815301076,1909f56bfc062723c751e8b465ee728b)
Start importing Assets/Fake Santa/FakeSantaAI.cs using Guid(3e374a9fd2a1145ea862d61e1342ca40) Importer(815301076,1909f56bfc062723c751e8b465ee728b)  -> (artifact id: '2e4532784226dcfd241f008641833191') in 0.001279 seconds 
  Import took 0.003633 seconds .

========================================================================
Received Prepare
Registering precompiled user dll's ...
Registered in 0.001250 seconds.
Begin MonoManager ReloadAssembly
Native extension for WindowsStandalone target not found
Native extension for OSXStandalone target not found
Refreshing native plugins compatible for Editor in 0.38 ms, found 2 plugins.
Preloading 0 native plugins for Editor in 0.00 ms.
2022-12-18 18:17:05.419 Unity[40043:3799576] NSEventModifierFlagFunction specified to -setKeyEquivalentModifierMask: for item <NSMenuItem: 0x7f99960d9e80 Font Asset, ke='Command-F12'>, but is only supported for system-provided menu items; will not be used
Mono: successfully reloaded assembly
- Completed reload, in  1.904 seconds
Domain Reload Profiling:
	ReloadAssembly (1905ms)
		BeginReloadAssembly (181ms)
			ExecutionOrderSort (0ms)
			DisableScriptedObjects (31ms)
			BackupInstance (0ms)
			ReleaseScriptingObjects (0ms)
			CreateAndSetChildDomain (50ms)
		EndReloadAssembly (1647ms)
			LoadAssemblies (167ms)
			RebuildTransferFunctionScriptingTraits (0ms)
			SetupTypeCache (266ms)
			ReleaseScriptCaches (1ms)
			RebuildScriptCaches (37ms)
			SetupLoadedEditorAssemblies (937ms)
				LogAssemblyErrors (0ms)
				InitializePlatformSupportModulesInManaged (15ms)
				SetLoadedEditorAssemblies (1ms)
				RefreshPlugins (0ms)
				BeforeProcessingInitializeOnLoad (211ms)
				ProcessInitializeOnLoadAttributes (680ms)
				ProcessInitializeOnLoadMethodAttributes (28ms)
				AfterProcessingInitializeOnLoad (1ms)
				EditorAssembliesLoaded (0ms)
			ExecutionOrderSort2 (0ms)
			AwakeInstancesAfterBackupRestoration (27ms)
Platform modules already initialized, skipping
Refreshing native plugins compatible for Editor in 0.31 ms, found 2 plugins.
Preloading 0 native plugins for Editor in 0.00 ms.
Unloading 1524 Unused Serialized files (Serialized files now loaded: 0)
System memory in use before: 425.0 MB.
System memory in use after: 425.2 MB.

Unloading 12 unused Assets to reduce memory usage. Loaded Objects now: 2090.
Total: 1.872750 ms (FindLiveObjects: 0.068333 ms CreateObjectMapping: 0.029000 ms MarkObjects: 1.749792 ms  DeleteObjects: 0.025041 ms)

AssetImportParameters requested are different than current active one (requested -> active):
  custom:video-decoder-ogg-theora: a1e56fd34408186e4bbccfd4996cb3dc -> 
  custom:container-muxer-webm: aa71ff27fc2769a1b78a27578f13a17b -> 
  custom:container-demuxer-webm: 4f35f7cbe854078d1ac9338744f61a02 -> 
  custom:container-demuxer-ogg: 62fdf1f143b41e24485cea50d1cbac27 -> 
  custom:video-encoder-webm-vp8: eb34c28f22e8b96e1ab97ce403110664 -> 
  custom:framework-osx-AVFoundation: e770b220cccbd017edd2c1fefb359320 -> 
  custom:video-decoder-webm-vp8: 9c59270c3fd7afecdb556c50c9e8de78 -> 
  custom:audio-decoder-ogg-vorbis: bf7c407c2cedff20999df2af8eb42d56 -> 
  custom:audio-encoder-webm-vorbis: bf7c407c2cedff20999df2af8eb42d56 -> 
========================================================================
Received Import Request.
  Time since last request: 390.319045 seconds.
  path: Assets/Fake Santa/FakeSantaAnimatorController.controller
  artifactKey: Guid(6d5a67e58942048dd8344050a6e6b48c) Importer(815301076,1909f56bfc062723c751e8b465ee728b)
Start importing Assets/Fake Santa/FakeSantaAnimatorController.controller using Guid(6d5a67e58942048dd8344050a6e6b48c) Importer(815301076,1909f56bfc062723c751e8b465ee728b)  -> (artifact id: '816c2c2857e638c28d6f8c166bba0d77') in 0.029627 seconds 
  Import took 0.032844 seconds .

========================================================================
Received Import Request.
  Time since last request: 79.550564 seconds.
  path: Assets/Fake Santa/FakeSantaAnimatorController.controller
  artifactKey: Guid(6d5a67e58942048dd8344050a6e6b48c) Importer(815301076,1909f56bfc062723c751e8b465ee728b)
Start importing Assets/Fake Santa/FakeSantaAnimatorController.controller using Guid(6d5a67e58942048dd8344050a6e6b48c) Importer(815301076,1909f56bfc062723c751e8b465ee728b)  -> (artifact id: '55bb8bc9f52478bb894dfe197fe7deb9') in 0.005566 seconds 
  Import took 0.008135 seconds .

