Unity Editor version:    2020.3.29f1 (2ff179115da0)
Branch:                  2020.3/staging
Build type:              Release
Batch mode:              YES
macOS version:           Version 13.0.1 (Build 22A400)
Darwin version:          22.1.0
Architecture:            x86_64
Running under Rosetta:   YES
Available memory:        32768 MB
Using pre-set license
Pro License: NO

COMMAND LINE ARGUMENTS:
/Applications/Unity/Hub/Editor/2020.3.29f1/Unity.app/Contents/MacOS/Unity
-adb2
-batchMode
-noUpm
-name
AssetImportWorker0
-projectPath
/Users/madilyn/Documents/GitHub/2022-SWU-3DProgramming/The Nightmare Before Christmas
-logFile
Logs/AssetImportWorker0.log
-srvPort
57352
Successfully changed project path to: /Users/madilyn/Documents/GitHub/2022-SWU-3DProgramming/The Nightmare Before Christmas
/Users/madilyn/Documents/GitHub/2022-SWU-3DProgramming/The Nightmare Before Christmas
Using Asset Import Pipeline V2.
Refreshing native plugins compatible for Editor in 84.17 ms, found 2 plugins.
Preloading 0 native plugins for Editor in 0.00 ms.
Initialize engine version: 2020.3.29f1 (2ff179115da0)
[Subsystems] Discovering subsystems at path /Applications/Unity/Hub/Editor/2020.3.29f1/Unity.app/Contents/Resources/UnitySubsystems
[Subsystems] Discovering subsystems at path /Users/madilyn/Documents/GitHub/2022-SWU-3DProgramming/The Nightmare Before Christmas/Assets
GfxDevice: creating device client; threaded=0
2022-12-16 16:41:52.557 Unity[55283:2872620] (null) preferred device: Apple M1 Pro (high power)
2022-12-16 16:41:52.557 Unity[55283:2872620] Metal devices available: 1
2022-12-16 16:41:52.558 Unity[55283:2872620] 0: Apple M1 Pro (high power)
2022-12-16 16:41:52.558 Unity[55283:2872620] Using device Apple M1 Pro (high power)
Initializing Metal device caps: Apple M1 Pro
Initialize mono
Mono path[0] = '/Applications/Unity/Hub/Editor/2020.3.29f1/Unity.app/Contents/Managed'
Mono path[1] = '/Applications/Unity/Hub/Editor/2020.3.29f1/Unity.app/Contents/MonoBleedingEdge/lib/mono/unityjit'
Mono config path = '/Applications/Unity/Hub/Editor/2020.3.29f1/Unity.app/Contents/MonoBleedingEdge/etc'
Using monoOptions --debugger-agent=transport=dt_socket,embedding=1,server=y,suspend=n,address=127.0.0.1:56283
Begin MonoManager ReloadAssembly
Registering precompiled unity dll's ...
Register platform support module: /Applications/Unity/Hub/Editor/2020.3.29f1/Unity.app/Contents/PlaybackEngines/MacStandaloneSupport/UnityEditor.OSXStandalone.Extensions.dll
Register platform support module: /Applications/Unity/Hub/Editor/2020.3.29f1/PlaybackEngines/WindowsStandaloneSupport/UnityEditor.WindowsStandalone.Extensions.dll
Registered in 0.000546 seconds.
Native extension for WindowsStandalone target not found
Native extension for OSXStandalone target not found
Refreshing native plugins compatible for Editor in 79.96 ms, found 2 plugins.
Preloading 0 native plugins for Editor in 0.00 ms.
Mono: successfully reloaded assembly
- Completed reload, in  1.205 seconds
Domain Reload Profiling:
	ReloadAssembly (1205ms)
		BeginReloadAssembly (91ms)
			ExecutionOrderSort (0ms)
			DisableScriptedObjects (0ms)
			BackupInstance (0ms)
			ReleaseScriptingObjects (0ms)
			CreateAndSetChildDomain (3ms)
		EndReloadAssembly (1007ms)
			LoadAssemblies (88ms)
			RebuildTransferFunctionScriptingTraits (0ms)
			SetupTypeCache (151ms)
			ReleaseScriptCaches (0ms)
			RebuildScriptCaches (32ms)
			SetupLoadedEditorAssemblies (539ms)
				LogAssemblyErrors (0ms)
				InitializePlatformSupportModulesInManaged (13ms)
				SetLoadedEditorAssemblies (0ms)
				RefreshPlugins (80ms)
				BeforeProcessingInitializeOnLoad (30ms)
				ProcessInitializeOnLoadAttributes (308ms)
				ProcessInitializeOnLoadMethodAttributes (108ms)
				AfterProcessingInitializeOnLoad (0ms)
				EditorAssembliesLoaded (1ms)
			ExecutionOrderSort2 (0ms)
			AwakeInstancesAfterBackupRestoration (0ms)
Platform modules already initialized, skipping
Registering precompiled user dll's ...
Registered in 0.001944 seconds.
Begin MonoManager ReloadAssembly
Symbol file LoadedFromMemory doesn't match image /Users/madilyn/Documents/GitHub/2022-SWU-3DProgramming/The Nightmare Before Christmas/Library/PackageCache/com.unity.visualscripting@1.7.8/Editor/VisualScripting.Core/Dependencies/YamlDotNet/Unity.VisualScripting.YamlDotNet.dll
Symbol file LoadedFromMemory doesn't match image /Users/madilyn/Documents/GitHub/2022-SWU-3DProgramming/The Nightmare Before Christmas/Library/PackageCache/com.unity.visualscripting@1.7.8/Editor/VisualScripting.Core/Dependencies/DotNetZip/Unity.VisualScripting.IonicZip.dll
Native extension for WindowsStandalone target not found
Native extension for OSXStandalone target not found
Refreshing native plugins compatible for Editor in 0.54 ms, found 2 plugins.
Preloading 0 native plugins for Editor in 0.00 ms.
Mono: successfully reloaded assembly
- Completed reload, in  2.148 seconds
Domain Reload Profiling:
	ReloadAssembly (2150ms)
		BeginReloadAssembly (225ms)
			ExecutionOrderSort (0ms)
			DisableScriptedObjects (31ms)
			BackupInstance (0ms)
			ReleaseScriptingObjects (0ms)
			CreateAndSetChildDomain (25ms)
		EndReloadAssembly (1848ms)
			LoadAssemblies (179ms)
			RebuildTransferFunctionScriptingTraits (0ms)
			SetupTypeCache (340ms)
			ReleaseScriptCaches (1ms)
			RebuildScriptCaches (46ms)
			SetupLoadedEditorAssemblies (1049ms)
				LogAssemblyErrors (0ms)
				InitializePlatformSupportModulesInManaged (15ms)
				SetLoadedEditorAssemblies (1ms)
				RefreshPlugins (1ms)
				BeforeProcessingInitializeOnLoad (214ms)
				ProcessInitializeOnLoadAttributes (789ms)
				ProcessInitializeOnLoadMethodAttributes (27ms)
				AfterProcessingInitializeOnLoad (1ms)
				EditorAssembliesLoaded (1ms)
			ExecutionOrderSort2 (0ms)
			AwakeInstancesAfterBackupRestoration (33ms)
Platform modules already initialized, skipping
Validating Project structure ... 0.001604 seconds.
Shader import version has changed; will reimport all shaders...
Upgrading shader files ...0.002137 seconds.
Application.AssetDatabase Initial Script Refresh Start
RefreshInfo: InitialScriptRefreshV2(NoUpdateAssetOptions) scanfilter:  ... 1 filters
RefreshProfiler: Total: 0.000ms
Application.AssetDatabase Initial Script Refresh End
Application.AssetDatabase.Refresh Start
Application.AssetDatabase.Refresh End
RefreshInfo: StopAssetImportingV2(ForceSynchronousImport) scanfilter: 
RefreshProfiler: Total: 0.000ms
Launching external process: /Applications/Unity/Hub/Editor/2020.3.29f1/Unity.app/Contents/Tools/UnityShaderCompiler
Launched and connected shader compiler UnityShaderCompiler after 0.03 seconds
Initializing Unity extensions:
2022-12-16 16:41:56.881 Unity[55283:2872620] NSEventModifierFlagFunction specified to -setKeyEquivalentModifierMask: for item <NSMenuItem: 0x7ff4e36702d0 Font Asset, ke='Command-F12'>, but is only supported for system-provided menu items; will not be used
2022-12-16 16:41:56.883 Unity[55283:2872620] NSEventModifierFlagFunction specified to -setKeyEquivalentModifierMask: for item <NSMenuItem: 0x7ff4e3672890 Font Asset, ke='Command-F12'>, but is only supported for system-provided menu items; will not be used
========================================================================
Worker process is ready to serve import requests
Refreshing native plugins compatible for Editor in 0.45 ms, found 2 plugins.
Preloading 0 native plugins for Editor in 0.00 ms.
Unloading 3122 Unused Serialized files (Serialized files now loaded: 0)
System memory in use before: 111.9 MB.
System memory in use after: 111.3 MB.

Unloading 139 unused Assets to reduce memory usage. Loaded Objects now: 3593.
Total: 2.843000 ms (FindLiveObjects: 0.157250 ms CreateObjectMapping: 0.068166 ms MarkObjects: 2.159709 ms  DeleteObjects: 0.457000 ms)

AssetImportParameters requested are different than current active one (requested -> active):
  custom:video-decoder-ogg-theora: a1e56fd34408186e4bbccfd4996cb3dc -> 
  custom:container-muxer-webm: aa71ff27fc2769a1b78a27578f13a17b -> 
  custom:container-demuxer-webm: 4f35f7cbe854078d1ac9338744f61a02 -> 
  custom:container-demuxer-ogg: 62fdf1f143b41e24485cea50d1cbac27 -> 
  custom:video-encoder-webm-vp8: eb34c28f22e8b96e1ab97ce403110664 -> 
  custom:framework-osx-AVFoundation: e770b220cccbd017edd2c1fefb359320 -> 
  custom:video-decoder-webm-vp8: 9c59270c3fd7afecdb556c50c9e8de78 -> 
  custom:audio-decoder-ogg-vorbis: bf7c407c2cedff20999df2af8eb42d56 -> 
  custom:audio-encoder-webm-vorbis: bf7c407c2cedff20999df2af8eb42d56 -> 
========================================================================
Received Import Request.
  path: Assets/Scenes/Game.unity
  artifactKey: Guid(9fc0d4010bbf28b4594072e72b8655ab) Importer(815301076,1909f56bfc062723c751e8b465ee728b)
Start importing Assets/Scenes/Game.unity using Guid(9fc0d4010bbf28b4594072e72b8655ab) Importer(815301076,1909f56bfc062723c751e8b465ee728b)  -> (artifact id: '7a2e6ec6b328f8cad5bbad6e4dc3cb72') in 0.021624 seconds 
  Import took 0.025558 seconds .

========================================================================
Received Prepare
Registering precompiled user dll's ...
Registered in 0.002759 seconds.
Begin MonoManager ReloadAssembly
Symbol file LoadedFromMemory doesn't match image /Users/madilyn/Documents/GitHub/2022-SWU-3DProgramming/The Nightmare Before Christmas/Library/PackageCache/com.unity.visualscripting@1.7.8/Editor/VisualScripting.Core/Dependencies/YamlDotNet/Unity.VisualScripting.YamlDotNet.dll
Symbol file LoadedFromMemory doesn't match image /Users/madilyn/Documents/GitHub/2022-SWU-3DProgramming/The Nightmare Before Christmas/Library/PackageCache/com.unity.visualscripting@1.7.8/Editor/VisualScripting.Core/Dependencies/DotNetZip/Unity.VisualScripting.IonicZip.dll
Native extension for WindowsStandalone target not found
Native extension for OSXStandalone target not found
Refreshing native plugins compatible for Editor in 0.93 ms, found 2 plugins.
Preloading 0 native plugins for Editor in 0.00 ms.
2022-12-16 16:48:32.622 Unity[55283:2872620] NSEventModifierFlagFunction specified to -setKeyEquivalentModifierMask: for item <NSMenuItem: 0x7ff4e3138560 Font Asset, ke='Command-F12'>, but is only supported for system-provided menu items; will not be used
Mono: successfully reloaded assembly
- Completed reload, in  2.762 seconds
Domain Reload Profiling:
	ReloadAssembly (2763ms)
		BeginReloadAssembly (243ms)
			ExecutionOrderSort (0ms)
			DisableScriptedObjects (37ms)
			BackupInstance (0ms)
			ReleaseScriptingObjects (0ms)
			CreateAndSetChildDomain (69ms)
		EndReloadAssembly (2421ms)
			LoadAssemblies (241ms)
			RebuildTransferFunctionScriptingTraits (0ms)
			SetupTypeCache (377ms)
			ReleaseScriptCaches (1ms)
			RebuildScriptCaches (47ms)
			SetupLoadedEditorAssemblies (1426ms)
				LogAssemblyErrors (0ms)
				InitializePlatformSupportModulesInManaged (20ms)
				SetLoadedEditorAssemblies (2ms)
				RefreshPlugins (1ms)
				BeforeProcessingInitializeOnLoad (304ms)
				ProcessInitializeOnLoadAttributes (1054ms)
				ProcessInitializeOnLoadMethodAttributes (42ms)
				AfterProcessingInitializeOnLoad (2ms)
				EditorAssembliesLoaded (1ms)
			ExecutionOrderSort2 (0ms)
			AwakeInstancesAfterBackupRestoration (44ms)
Platform modules already initialized, skipping
Refreshing native plugins compatible for Editor in 0.55 ms, found 2 plugins.
Preloading 0 native plugins for Editor in 0.00 ms.
Unloading 3115 Unused Serialized files (Serialized files now loaded: 0)
System memory in use before: 111.5 MB.
System memory in use after: 111.7 MB.

Unloading 17 unused Assets to reduce memory usage. Loaded Objects now: 3597.
Total: 2.378417 ms (FindLiveObjects: 0.144250 ms CreateObjectMapping: 0.073208 ms MarkObjects: 2.132750 ms  DeleteObjects: 0.027375 ms)

AssetImportParameters requested are different than current active one (requested -> active):
  custom:video-decoder-ogg-theora: a1e56fd34408186e4bbccfd4996cb3dc -> 
  custom:container-muxer-webm: aa71ff27fc2769a1b78a27578f13a17b -> 
  custom:container-demuxer-webm: 4f35f7cbe854078d1ac9338744f61a02 -> 
  custom:container-demuxer-ogg: 62fdf1f143b41e24485cea50d1cbac27 -> 
  custom:video-encoder-webm-vp8: eb34c28f22e8b96e1ab97ce403110664 -> 
  custom:framework-osx-AVFoundation: e770b220cccbd017edd2c1fefb359320 -> 
  custom:video-decoder-webm-vp8: 9c59270c3fd7afecdb556c50c9e8de78 -> 
  custom:audio-decoder-ogg-vorbis: bf7c407c2cedff20999df2af8eb42d56 -> 
  custom:audio-encoder-webm-vorbis: bf7c407c2cedff20999df2af8eb42d56 -> 
========================================================================
Received Import Request.
  Time since last request: 463.954902 seconds.
  path: Assets/Player/Double Dagger Stab.fbx
  artifactKey: Guid(7f6f55482f47d46ff9d35ab6c413b6a7) Importer(815301076,1909f56bfc062723c751e8b465ee728b)
Start importing Assets/Player/Double Dagger Stab.fbx using Guid(7f6f55482f47d46ff9d35ab6c413b6a7) Importer(815301076,1909f56bfc062723c751e8b465ee728b)  -> (artifact id: 'bf6bb394454c515d40b5a34f781337a0') in 0.986706 seconds 
  Import took 0.996071 seconds .

========================================================================
Received Import Request.
  Time since last request: 0.000321 seconds.
  path: Assets/Player/Double Dagger Stab@Walking.fbx
  artifactKey: Guid(53afbb8f8e4da4069959f979cd2539ac) Importer(815301076,1909f56bfc062723c751e8b465ee728b)
Start importing Assets/Player/Double Dagger Stab@Walking.fbx using Guid(53afbb8f8e4da4069959f979cd2539ac) Importer(815301076,1909f56bfc062723c751e8b465ee728b)  -> (artifact id: '5212b89f4ee5a786cf27d0eb09e4b4e4') in 0.007712 seconds 
  Import took 0.012092 seconds .

========================================================================
Received Import Request.
  Time since last request: 14.342907 seconds.
  path: Assets/Source/Santa Claus/Mesh/SantaClaus@Walking.fbx
  artifactKey: Guid(05eb307d4973b43f18dbba7d03890e51) Importer(815301076,1909f56bfc062723c751e8b465ee728b)
Start importing Assets/Source/Santa Claus/Mesh/SantaClaus@Walking.fbx using Guid(05eb307d4973b43f18dbba7d03890e51) Importer(815301076,1909f56bfc062723c751e8b465ee728b)  -> (artifact id: 'cc2c67dd4fc2b97162c55720db42d047') in 0.184345 seconds 
  Import took 0.194910 seconds .

========================================================================
Received Prepare
Registering precompiled user dll's ...
Registered in 0.002501 seconds.
Begin MonoManager ReloadAssembly
Symbol file LoadedFromMemory doesn't match image /Users/madilyn/Documents/GitHub/2022-SWU-3DProgramming/The Nightmare Before Christmas/Library/PackageCache/com.unity.visualscripting@1.7.8/Editor/VisualScripting.Core/Dependencies/YamlDotNet/Unity.VisualScripting.YamlDotNet.dll
Symbol file LoadedFromMemory doesn't match image /Users/madilyn/Documents/GitHub/2022-SWU-3DProgramming/The Nightmare Before Christmas/Library/PackageCache/com.unity.visualscripting@1.7.8/Editor/VisualScripting.Core/Dependencies/DotNetZip/Unity.VisualScripting.IonicZip.dll
Native extension for WindowsStandalone target not found
Native extension for OSXStandalone target not found
Refreshing native plugins compatible for Editor in 0.57 ms, found 2 plugins.
Preloading 0 native plugins for Editor in 0.00 ms.
2022-12-16 16:50:54.914 Unity[55283:2872620] NSEventModifierFlagFunction specified to -setKeyEquivalentModifierMask: for item <NSMenuItem: 0x7ff4e1d69140 Font Asset, ke='Command-F12'>, but is only supported for system-provided menu items; will not be used
Mono: successfully reloaded assembly
- Completed reload, in  2.546 seconds
Domain Reload Profiling:
	ReloadAssembly (2547ms)
		BeginReloadAssembly (227ms)
			ExecutionOrderSort (0ms)
			DisableScriptedObjects (34ms)
			BackupInstance (0ms)
			ReleaseScriptingObjects (0ms)
			CreateAndSetChildDomain (66ms)
		EndReloadAssembly (2224ms)
			LoadAssemblies (219ms)
			RebuildTransferFunctionScriptingTraits (0ms)
			SetupTypeCache (360ms)
			ReleaseScriptCaches (2ms)
			RebuildScriptCaches (47ms)
			SetupLoadedEditorAssemblies (1304ms)
				LogAssemblyErrors (0ms)
				InitializePlatformSupportModulesInManaged (21ms)
				SetLoadedEditorAssemblies (2ms)
				RefreshPlugins (1ms)
				BeforeProcessingInitializeOnLoad (296ms)
				ProcessInitializeOnLoadAttributes (948ms)
				ProcessInitializeOnLoadMethodAttributes (35ms)
				AfterProcessingInitializeOnLoad (1ms)
				EditorAssembliesLoaded (1ms)
			ExecutionOrderSort2 (0ms)
			AwakeInstancesAfterBackupRestoration (39ms)
Platform modules already initialized, skipping
Refreshing native plugins compatible for Editor in 0.51 ms, found 2 plugins.
Preloading 0 native plugins for Editor in 0.00 ms.
Unloading 3115 Unused Serialized files (Serialized files now loaded: 0)
System memory in use before: 206.5 MB.
System memory in use after: 206.8 MB.

Unloading 16 unused Assets to reduce memory usage. Loaded Objects now: 3643.
Total: 2.466541 ms (FindLiveObjects: 0.215584 ms CreateObjectMapping: 0.069125 ms MarkObjects: 2.151459 ms  DeleteObjects: 0.029542 ms)

AssetImportParameters requested are different than current active one (requested -> active):
  custom:video-decoder-ogg-theora: a1e56fd34408186e4bbccfd4996cb3dc -> 
  custom:container-muxer-webm: aa71ff27fc2769a1b78a27578f13a17b -> 
  custom:container-demuxer-webm: 4f35f7cbe854078d1ac9338744f61a02 -> 
  custom:container-demuxer-ogg: 62fdf1f143b41e24485cea50d1cbac27 -> 
  custom:video-encoder-webm-vp8: eb34c28f22e8b96e1ab97ce403110664 -> 
  custom:framework-osx-AVFoundation: e770b220cccbd017edd2c1fefb359320 -> 
  custom:video-decoder-webm-vp8: 9c59270c3fd7afecdb556c50c9e8de78 -> 
  custom:audio-decoder-ogg-vorbis: bf7c407c2cedff20999df2af8eb42d56 -> 
  custom:audio-encoder-webm-vorbis: bf7c407c2cedff20999df2af8eb42d56 -> 
========================================================================
Received Import Request.
  Time since last request: 93.324983 seconds.
  path: Assets/Player/Double Dagger Stab@Walking.fbx
  artifactKey: Guid(53afbb8f8e4da4069959f979cd2539ac) Importer(815301076,1909f56bfc062723c751e8b465ee728b)
Start importing Assets/Player/Double Dagger Stab@Walking.fbx using Guid(53afbb8f8e4da4069959f979cd2539ac) Importer(815301076,1909f56bfc062723c751e8b465ee728b)  -> (artifact id: 'a451b12e047cfb2f046ea0265b501218') in 0.077381 seconds 
  Import took 0.082990 seconds .

========================================================================
Received Import Request.
  Time since last request: 91.808833 seconds.
  path: Assets/Player/PlayerAnimatorController.controller
  artifactKey: Guid(5e2138b47ca714afabedf7c1d2c8fe04) Importer(815301076,1909f56bfc062723c751e8b465ee728b)
Start importing Assets/Player/PlayerAnimatorController.controller using Guid(5e2138b47ca714afabedf7c1d2c8fe04) Importer(815301076,1909f56bfc062723c751e8b465ee728b)  -> (artifact id: 'b03d99dcf6ed5b55c948bacd44d1caae') in 0.067394 seconds 
  Import took 0.075842 seconds .

========================================================================
Received Import Request.
  Time since last request: 0.252756 seconds.
  path: Assets/Player/Double Dagger Stab@Walking (1).fbx
  artifactKey: Guid(2554fc02ff55042c0977f6930a3340d0) Importer(815301076,1909f56bfc062723c751e8b465ee728b)
Start importing Assets/Player/Double Dagger Stab@Walking (1).fbx using Guid(2554fc02ff55042c0977f6930a3340d0) Importer(815301076,1909f56bfc062723c751e8b465ee728b)  -> (artifact id: '3dd23a11cd18ad21c639bf36a1be1999') in 0.005938 seconds 
  Import took 0.011913 seconds .

========================================================================
Received Import Request.
  Time since last request: 16.591601 seconds.
  path: Assets/Player/Double Dagger Stab@Walking.fbx
  artifactKey: Guid(2554fc02ff55042c0977f6930a3340d0) Importer(815301076,1909f56bfc062723c751e8b465ee728b)
Start importing Assets/Player/Double Dagger Stab@Walking.fbx using Guid(2554fc02ff55042c0977f6930a3340d0) Importer(815301076,1909f56bfc062723c751e8b465ee728b)  -> (artifact id: 'bd392afe114b4861582ebd0995585979') in 0.006310 seconds 
  Import took 0.010736 seconds .

========================================================================
Received Prepare
Registering precompiled user dll's ...
Registered in 0.002604 seconds.
Begin MonoManager ReloadAssembly
Symbol file LoadedFromMemory doesn't match image /Users/madilyn/Documents/GitHub/2022-SWU-3DProgramming/The Nightmare Before Christmas/Library/PackageCache/com.unity.visualscripting@1.7.8/Editor/VisualScripting.Core/Dependencies/YamlDotNet/Unity.VisualScripting.YamlDotNet.dll
Symbol file LoadedFromMemory doesn't match image /Users/madilyn/Documents/GitHub/2022-SWU-3DProgramming/The Nightmare Before Christmas/Library/PackageCache/com.unity.visualscripting@1.7.8/Editor/VisualScripting.Core/Dependencies/DotNetZip/Unity.VisualScripting.IonicZip.dll
Native extension for WindowsStandalone target not found
Native extension for OSXStandalone target not found
Refreshing native plugins compatible for Editor in 0.81 ms, found 2 plugins.
Preloading 0 native plugins for Editor in 0.00 ms.
2022-12-16 16:54:32.772 Unity[55283:2872620] NSEventModifierFlagFunction specified to -setKeyEquivalentModifierMask: for item <NSMenuItem: 0x7ff4e1d68660 Font Asset, ke='Command-F12'>, but is only supported for system-provided menu items; will not be used
Mono: successfully reloaded assembly
- Completed reload, in  2.701 seconds
Domain Reload Profiling:
	ReloadAssembly (2702ms)
		BeginReloadAssembly (237ms)
			ExecutionOrderSort (0ms)
			DisableScriptedObjects (39ms)
			BackupInstance (0ms)
			ReleaseScriptingObjects (0ms)
			CreateAndSetChildDomain (68ms)
		EndReloadAssembly (2369ms)
			LoadAssemblies (223ms)
			RebuildTransferFunctionScriptingTraits (0ms)
			SetupTypeCache (364ms)
			ReleaseScriptCaches (1ms)
			RebuildScriptCaches (52ms)
			SetupLoadedEditorAssemblies (1416ms)
				LogAssemblyErrors (0ms)
				InitializePlatformSupportModulesInManaged (21ms)
				SetLoadedEditorAssemblies (2ms)
				RefreshPlugins (1ms)
				BeforeProcessingInitializeOnLoad (309ms)
				ProcessInitializeOnLoadAttributes (1038ms)
				ProcessInitializeOnLoadMethodAttributes (42ms)
				AfterProcessingInitializeOnLoad (2ms)
				EditorAssembliesLoaded (1ms)
			ExecutionOrderSort2 (0ms)
			AwakeInstancesAfterBackupRestoration (42ms)
Platform modules already initialized, skipping
Refreshing native plugins compatible for Editor in 0.67 ms, found 2 plugins.
Preloading 0 native plugins for Editor in 0.00 ms.
Unloading 3115 Unused Serialized files (Serialized files now loaded: 0)
System memory in use before: 287.6 MB.
System memory in use after: 287.8 MB.

Unloading 16 unused Assets to reduce memory usage. Loaded Objects now: 3646.
Total: 2.572167 ms (FindLiveObjects: 0.183292 ms CreateObjectMapping: 0.073625 ms MarkObjects: 2.280709 ms  DeleteObjects: 0.033500 ms)

AssetImportParameters requested are different than current active one (requested -> active):
  custom:video-decoder-ogg-theora: a1e56fd34408186e4bbccfd4996cb3dc -> 
  custom:container-muxer-webm: aa71ff27fc2769a1b78a27578f13a17b -> 
  custom:container-demuxer-webm: 4f35f7cbe854078d1ac9338744f61a02 -> 
  custom:container-demuxer-ogg: 62fdf1f143b41e24485cea50d1cbac27 -> 
  custom:video-encoder-webm-vp8: eb34c28f22e8b96e1ab97ce403110664 -> 
  custom:framework-osx-AVFoundation: e770b220cccbd017edd2c1fefb359320 -> 
  custom:video-decoder-webm-vp8: 9c59270c3fd7afecdb556c50c9e8de78 -> 
  custom:audio-decoder-ogg-vorbis: bf7c407c2cedff20999df2af8eb42d56 -> 
  custom:audio-encoder-webm-vorbis: bf7c407c2cedff20999df2af8eb42d56 -> 
========================================================================
Received Prepare
Registering precompiled user dll's ...
Registered in 0.003972 seconds.
Begin MonoManager ReloadAssembly
Symbol file LoadedFromMemory doesn't match image /Users/madilyn/Documents/GitHub/2022-SWU-3DProgramming/The Nightmare Before Christmas/Library/PackageCache/com.unity.visualscripting@1.7.8/Editor/VisualScripting.Core/Dependencies/YamlDotNet/Unity.VisualScripting.YamlDotNet.dll
Symbol file LoadedFromMemory doesn't match image /Users/madilyn/Documents/GitHub/2022-SWU-3DProgramming/The Nightmare Before Christmas/Library/PackageCache/com.unity.visualscripting@1.7.8/Editor/VisualScripting.Core/Dependencies/DotNetZip/Unity.VisualScripting.IonicZip.dll
Native extension for WindowsStandalone target not found
Native extension for OSXStandalone target not found
Refreshing native plugins compatible for Editor in 0.67 ms, found 2 plugins.
Preloading 0 native plugins for Editor in 0.00 ms.
2022-12-16 16:55:29.984 Unity[55283:2872620] NSEventModifierFlagFunction specified to -setKeyEquivalentModifierMask: for item <NSMenuItem: 0x7ff4e3046ab0 Font Asset, ke='Command-F12'>, but is only supported for system-provided menu items; will not be used
Mono: successfully reloaded assembly
- Completed reload, in  2.481 seconds
Domain Reload Profiling:
	ReloadAssembly (2482ms)
		BeginReloadAssembly (222ms)
			ExecutionOrderSort (0ms)
			DisableScriptedObjects (35ms)
			BackupInstance (0ms)
			ReleaseScriptingObjects (0ms)
			CreateAndSetChildDomain (63ms)
		EndReloadAssembly (2167ms)
			LoadAssemblies (215ms)
			RebuildTransferFunctionScriptingTraits (0ms)
			SetupTypeCache (357ms)
			ReleaseScriptCaches (1ms)
			RebuildScriptCaches (44ms)
			SetupLoadedEditorAssemblies (1252ms)
				LogAssemblyErrors (0ms)
				InitializePlatformSupportModulesInManaged (18ms)
				SetLoadedEditorAssemblies (2ms)
				RefreshPlugins (1ms)
				BeforeProcessingInitializeOnLoad (287ms)
				ProcessInitializeOnLoadAttributes (906ms)
				ProcessInitializeOnLoadMethodAttributes (37ms)
				AfterProcessingInitializeOnLoad (2ms)
				EditorAssembliesLoaded (1ms)
			ExecutionOrderSort2 (0ms)
			AwakeInstancesAfterBackupRestoration (38ms)
Platform modules already initialized, skipping
Refreshing native plugins compatible for Editor in 0.62 ms, found 2 plugins.
Preloading 0 native plugins for Editor in 0.00 ms.
Unloading 3115 Unused Serialized files (Serialized files now loaded: 0)
System memory in use before: 289.6 MB.
System memory in use after: 289.8 MB.

Unloading 16 unused Assets to reduce memory usage. Loaded Objects now: 3649.
Total: 2.613416 ms (FindLiveObjects: 0.186250 ms CreateObjectMapping: 0.068916 ms MarkObjects: 2.331042 ms  DeleteObjects: 0.026416 ms)

AssetImportParameters requested are different than current active one (requested -> active):
  custom:video-decoder-ogg-theora: a1e56fd34408186e4bbccfd4996cb3dc -> 
  custom:container-muxer-webm: aa71ff27fc2769a1b78a27578f13a17b -> 
  custom:container-demuxer-webm: 4f35f7cbe854078d1ac9338744f61a02 -> 
  custom:container-demuxer-ogg: 62fdf1f143b41e24485cea50d1cbac27 -> 
  custom:video-encoder-webm-vp8: eb34c28f22e8b96e1ab97ce403110664 -> 
  custom:framework-osx-AVFoundation: e770b220cccbd017edd2c1fefb359320 -> 
  custom:video-decoder-webm-vp8: 9c59270c3fd7afecdb556c50c9e8de78 -> 
  custom:audio-decoder-ogg-vorbis: bf7c407c2cedff20999df2af8eb42d56 -> 
  custom:audio-encoder-webm-vorbis: bf7c407c2cedff20999df2af8eb42d56 -> 
========================================================================
Received Import Request.
  Time since last request: 267.422874 seconds.
  path: Assets/Player/Double Dagger Stab@Walking.fbx
  artifactKey: Guid(2554fc02ff55042c0977f6930a3340d0) Importer(815301076,1909f56bfc062723c751e8b465ee728b)
Start importing Assets/Player/Double Dagger Stab@Walking.fbx using Guid(2554fc02ff55042c0977f6930a3340d0) Importer(815301076,1909f56bfc062723c751e8b465ee728b)  -> (artifact id: '59c63e4e68f9ac97911f85379da83eb0') in 0.068725 seconds 
  Import took 0.073490 seconds .

========================================================================
Received Prepare
Registering precompiled user dll's ...
Registered in 0.002801 seconds.
Begin MonoManager ReloadAssembly
Symbol file LoadedFromMemory doesn't match image /Users/madilyn/Documents/GitHub/2022-SWU-3DProgramming/The Nightmare Before Christmas/Library/PackageCache/com.unity.visualscripting@1.7.8/Editor/VisualScripting.Core/Dependencies/YamlDotNet/Unity.VisualScripting.YamlDotNet.dll
Symbol file LoadedFromMemory doesn't match image /Users/madilyn/Documents/GitHub/2022-SWU-3DProgramming/The Nightmare Before Christmas/Library/PackageCache/com.unity.visualscripting@1.7.8/Editor/VisualScripting.Core/Dependencies/DotNetZip/Unity.VisualScripting.IonicZip.dll
Native extension for WindowsStandalone target not found
Native extension for OSXStandalone target not found
Refreshing native plugins compatible for Editor in 0.64 ms, found 2 plugins.
Preloading 0 native plugins for Editor in 0.00 ms.
2022-12-16 16:58:36.917 Unity[55283:2872620] NSEventModifierFlagFunction specified to -setKeyEquivalentModifierMask: for item <NSMenuItem: 0x7ff4e36cb6a0 Font Asset, ke='Command-F12'>, but is only supported for system-provided menu items; will not be used
Mono: successfully reloaded assembly
- Completed reload, in  2.319 seconds
Domain Reload Profiling:
	ReloadAssembly (2320ms)
		BeginReloadAssembly (214ms)
			ExecutionOrderSort (0ms)
			DisableScriptedObjects (35ms)
			BackupInstance (0ms)
			ReleaseScriptingObjects (0ms)
			CreateAndSetChildDomain (54ms)
		EndReloadAssembly (2018ms)
			LoadAssemblies (222ms)
			RebuildTransferFunctionScriptingTraits (0ms)
			SetupTypeCache (343ms)
			ReleaseScriptCaches (1ms)
			RebuildScriptCaches (43ms)
			SetupLoadedEditorAssemblies (1146ms)
				LogAssemblyErrors (0ms)
				InitializePlatformSupportModulesInManaged (17ms)
				SetLoadedEditorAssemblies (1ms)
				RefreshPlugins (1ms)
				BeforeProcessingInitializeOnLoad (266ms)
				ProcessInitializeOnLoadAttributes (820ms)
				ProcessInitializeOnLoadMethodAttributes (39ms)
				AfterProcessingInitializeOnLoad (1ms)
				EditorAssembliesLoaded (1ms)
			ExecutionOrderSort2 (0ms)
			AwakeInstancesAfterBackupRestoration (35ms)
Platform modules already initialized, skipping
Refreshing native plugins compatible for Editor in 0.56 ms, found 2 plugins.
Preloading 0 native plugins for Editor in 0.00 ms.
Unloading 3115 Unused Serialized files (Serialized files now loaded: 0)
System memory in use before: 291.5 MB.
System memory in use after: 291.8 MB.

Unloading 16 unused Assets to reduce memory usage. Loaded Objects now: 3652.
Total: 2.073875 ms (FindLiveObjects: 0.134416 ms CreateObjectMapping: 0.066667 ms MarkObjects: 1.847333 ms  DeleteObjects: 0.024375 ms)

AssetImportParameters requested are different than current active one (requested -> active):
  custom:video-decoder-ogg-theora: a1e56fd34408186e4bbccfd4996cb3dc -> 
  custom:container-muxer-webm: aa71ff27fc2769a1b78a27578f13a17b -> 
  custom:container-demuxer-webm: 4f35f7cbe854078d1ac9338744f61a02 -> 
  custom:container-demuxer-ogg: 62fdf1f143b41e24485cea50d1cbac27 -> 
  custom:video-encoder-webm-vp8: eb34c28f22e8b96e1ab97ce403110664 -> 
  custom:framework-osx-AVFoundation: e770b220cccbd017edd2c1fefb359320 -> 
  custom:video-decoder-webm-vp8: 9c59270c3fd7afecdb556c50c9e8de78 -> 
  custom:audio-decoder-ogg-vorbis: bf7c407c2cedff20999df2af8eb42d56 -> 
  custom:audio-encoder-webm-vorbis: bf7c407c2cedff20999df2af8eb42d56 -> 
========================================================================
Received Prepare
Registering precompiled user dll's ...
Registered in 0.003521 seconds.
Begin MonoManager ReloadAssembly
Symbol file LoadedFromMemory doesn't match image /Users/madilyn/Documents/GitHub/2022-SWU-3DProgramming/The Nightmare Before Christmas/Library/PackageCache/com.unity.visualscripting@1.7.8/Editor/VisualScripting.Core/Dependencies/YamlDotNet/Unity.VisualScripting.YamlDotNet.dll
Symbol file LoadedFromMemory doesn't match image /Users/madilyn/Documents/GitHub/2022-SWU-3DProgramming/The Nightmare Before Christmas/Library/PackageCache/com.unity.visualscripting@1.7.8/Editor/VisualScripting.Core/Dependencies/DotNetZip/Unity.VisualScripting.IonicZip.dll
Native extension for WindowsStandalone target not found
Native extension for OSXStandalone target not found
Refreshing native plugins compatible for Editor in 0.53 ms, found 2 plugins.
Preloading 0 native plugins for Editor in 0.00 ms.
2022-12-16 17:01:54.977 Unity[55283:2872620] NSEventModifierFlagFunction specified to -setKeyEquivalentModifierMask: for item <NSMenuItem: 0x7ff4e19210d0 Font Asset, ke='Command-F12'>, but is only supported for system-provided menu items; will not be used
Mono: successfully reloaded assembly
- Completed reload, in  2.347 seconds
Domain Reload Profiling:
	ReloadAssembly (2348ms)
		BeginReloadAssembly (220ms)
			ExecutionOrderSort (0ms)
			DisableScriptedObjects (31ms)
			BackupInstance (0ms)
			ReleaseScriptingObjects (0ms)
			CreateAndSetChildDomain (54ms)
		EndReloadAssembly (2050ms)
			LoadAssemblies (219ms)
			RebuildTransferFunctionScriptingTraits (0ms)
			SetupTypeCache (336ms)
			ReleaseScriptCaches (1ms)
			RebuildScriptCaches (40ms)
			SetupLoadedEditorAssemblies (1193ms)
				LogAssemblyErrors (0ms)
				InitializePlatformSupportModulesInManaged (17ms)
				SetLoadedEditorAssemblies (2ms)
				RefreshPlugins (1ms)
				BeforeProcessingInitializeOnLoad (264ms)
				ProcessInitializeOnLoadAttributes (872ms)
				ProcessInitializeOnLoadMethodAttributes (37ms)
				AfterProcessingInitializeOnLoad (1ms)
				EditorAssembliesLoaded (1ms)
			ExecutionOrderSort2 (0ms)
			AwakeInstancesAfterBackupRestoration (37ms)
Platform modules already initialized, skipping
Refreshing native plugins compatible for Editor in 0.55 ms, found 2 plugins.
Preloading 0 native plugins for Editor in 0.00 ms.
Unloading 3115 Unused Serialized files (Serialized files now loaded: 0)
System memory in use before: 293.4 MB.
System memory in use after: 293.6 MB.

Unloading 16 unused Assets to reduce memory usage. Loaded Objects now: 3655.
Total: 2.309791 ms (FindLiveObjects: 0.143959 ms CreateObjectMapping: 0.079291 ms MarkObjects: 2.060417 ms  DeleteObjects: 0.025250 ms)

AssetImportParameters requested are different than current active one (requested -> active):
  custom:video-decoder-ogg-theora: a1e56fd34408186e4bbccfd4996cb3dc -> 
  custom:container-muxer-webm: aa71ff27fc2769a1b78a27578f13a17b -> 
  custom:container-demuxer-webm: 4f35f7cbe854078d1ac9338744f61a02 -> 
  custom:container-demuxer-ogg: 62fdf1f143b41e24485cea50d1cbac27 -> 
  custom:video-encoder-webm-vp8: eb34c28f22e8b96e1ab97ce403110664 -> 
  custom:framework-osx-AVFoundation: e770b220cccbd017edd2c1fefb359320 -> 
  custom:video-decoder-webm-vp8: 9c59270c3fd7afecdb556c50c9e8de78 -> 
  custom:audio-decoder-ogg-vorbis: bf7c407c2cedff20999df2af8eb42d56 -> 
  custom:audio-encoder-webm-vorbis: bf7c407c2cedff20999df2af8eb42d56 -> 
========================================================================
Received Prepare
Registering precompiled user dll's ...
Registered in 0.002099 seconds.
Begin MonoManager ReloadAssembly
Symbol file LoadedFromMemory doesn't match image /Users/madilyn/Documents/GitHub/2022-SWU-3DProgramming/The Nightmare Before Christmas/Library/PackageCache/com.unity.visualscripting@1.7.8/Editor/VisualScripting.Core/Dependencies/YamlDotNet/Unity.VisualScripting.YamlDotNet.dll
Symbol file LoadedFromMemory doesn't match image /Users/madilyn/Documents/GitHub/2022-SWU-3DProgramming/The Nightmare Before Christmas/Library/PackageCache/com.unity.visualscripting@1.7.8/Editor/VisualScripting.Core/Dependencies/DotNetZip/Unity.VisualScripting.IonicZip.dll
Native extension for WindowsStandalone target not found
Native extension for OSXStandalone target not found
Refreshing native plugins compatible for Editor in 0.54 ms, found 2 plugins.
Preloading 0 native plugins for Editor in 0.00 ms.
2022-12-16 17:02:49.006 Unity[55283:2872620] NSEventModifierFlagFunction specified to -setKeyEquivalentModifierMask: for item <NSMenuItem: 0x7ff4e1a9dd10 Font Asset, ke='Command-F12'>, but is only supported for system-provided menu items; will not be used
Mono: successfully reloaded assembly
- Completed reload, in  2.143 seconds
Domain Reload Profiling:
	ReloadAssembly (2144ms)
		BeginReloadAssembly (191ms)
			ExecutionOrderSort (0ms)
			DisableScriptedObjects (31ms)
			BackupInstance (0ms)
			ReleaseScriptingObjects (0ms)
			CreateAndSetChildDomain (52ms)
		EndReloadAssembly (1870ms)
			LoadAssemblies (182ms)
			RebuildTransferFunctionScriptingTraits (0ms)
			SetupTypeCache (331ms)
			ReleaseScriptCaches (1ms)
			RebuildScriptCaches (40ms)
			SetupLoadedEditorAssemblies (1065ms)
				LogAssemblyErrors (0ms)
				InitializePlatformSupportModulesInManaged (14ms)
				SetLoadedEditorAssemblies (1ms)
				RefreshPlugins (1ms)
				BeforeProcessingInitializeOnLoad (246ms)
				ProcessInitializeOnLoadAttributes (769ms)
				ProcessInitializeOnLoadMethodAttributes (32ms)
				AfterProcessingInitializeOnLoad (1ms)
				EditorAssembliesLoaded (0ms)
			ExecutionOrderSort2 (0ms)
			AwakeInstancesAfterBackupRestoration (32ms)
Platform modules already initialized, skipping
Refreshing native plugins compatible for Editor in 0.61 ms, found 2 plugins.
Preloading 0 native plugins for Editor in 0.00 ms.
Unloading 3115 Unused Serialized files (Serialized files now loaded: 0)
System memory in use before: 295.3 MB.
System memory in use after: 295.6 MB.

Unloading 16 unused Assets to reduce memory usage. Loaded Objects now: 3658.
Total: 1.989250 ms (FindLiveObjects: 0.129125 ms CreateObjectMapping: 0.065000 ms MarkObjects: 1.774209 ms  DeleteObjects: 0.020000 ms)

AssetImportParameters requested are different than current active one (requested -> active):
  custom:video-decoder-ogg-theora: a1e56fd34408186e4bbccfd4996cb3dc -> 
  custom:container-muxer-webm: aa71ff27fc2769a1b78a27578f13a17b -> 
  custom:container-demuxer-webm: 4f35f7cbe854078d1ac9338744f61a02 -> 
  custom:container-demuxer-ogg: 62fdf1f143b41e24485cea50d1cbac27 -> 
  custom:video-encoder-webm-vp8: eb34c28f22e8b96e1ab97ce403110664 -> 
  custom:framework-osx-AVFoundation: e770b220cccbd017edd2c1fefb359320 -> 
  custom:video-decoder-webm-vp8: 9c59270c3fd7afecdb556c50c9e8de78 -> 
  custom:audio-decoder-ogg-vorbis: bf7c407c2cedff20999df2af8eb42d56 -> 
  custom:audio-encoder-webm-vorbis: bf7c407c2cedff20999df2af8eb42d56 -> 
========================================================================
Received Prepare
Registering precompiled user dll's ...
Registered in 0.002087 seconds.
Begin MonoManager ReloadAssembly
Symbol file LoadedFromMemory doesn't match image /Users/madilyn/Documents/GitHub/2022-SWU-3DProgramming/The Nightmare Before Christmas/Library/PackageCache/com.unity.visualscripting@1.7.8/Editor/VisualScripting.Core/Dependencies/YamlDotNet/Unity.VisualScripting.YamlDotNet.dll
Symbol file LoadedFromMemory doesn't match image /Users/madilyn/Documents/GitHub/2022-SWU-3DProgramming/The Nightmare Before Christmas/Library/PackageCache/com.unity.visualscripting@1.7.8/Editor/VisualScripting.Core/Dependencies/DotNetZip/Unity.VisualScripting.IonicZip.dll
Native extension for WindowsStandalone target not found
Native extension for OSXStandalone target not found
Refreshing native plugins compatible for Editor in 0.57 ms, found 2 plugins.
Preloading 0 native plugins for Editor in 0.00 ms.
2022-12-16 17:03:34.371 Unity[55283:2872620] NSEventModifierFlagFunction specified to -setKeyEquivalentModifierMask: for item <NSMenuItem: 0x7ff4e1e6e440 Font Asset, ke='Command-F12'>, but is only supported for system-provided menu items; will not be used
Mono: successfully reloaded assembly
- Completed reload, in  2.243 seconds
Domain Reload Profiling:
	ReloadAssembly (2244ms)
		BeginReloadAssembly (191ms)
			ExecutionOrderSort (0ms)
			DisableScriptedObjects (31ms)
			BackupInstance (0ms)
			ReleaseScriptingObjects (0ms)
			CreateAndSetChildDomain (53ms)
		EndReloadAssembly (1971ms)
			LoadAssemblies (181ms)
			RebuildTransferFunctionScriptingTraits (0ms)
			SetupTypeCache (332ms)
			ReleaseScriptCaches (1ms)
			RebuildScriptCaches (40ms)
			SetupLoadedEditorAssemblies (1151ms)
				LogAssemblyErrors (0ms)
				InitializePlatformSupportModulesInManaged (15ms)
				SetLoadedEditorAssemblies (2ms)
				RefreshPlugins (1ms)
				BeforeProcessingInitializeOnLoad (272ms)
				ProcessInitializeOnLoadAttributes (823ms)
				ProcessInitializeOnLoadMethodAttributes (36ms)
				AfterProcessingInitializeOnLoad (1ms)
				EditorAssembliesLoaded (1ms)
			ExecutionOrderSort2 (0ms)
			AwakeInstancesAfterBackupRestoration (36ms)
Platform modules already initialized, skipping
Refreshing native plugins compatible for Editor in 0.55 ms, found 2 plugins.
Preloading 0 native plugins for Editor in 0.00 ms.
Unloading 3115 Unused Serialized files (Serialized files now loaded: 0)
System memory in use before: 297.3 MB.
System memory in use after: 297.5 MB.

Unloading 16 unused Assets to reduce memory usage. Loaded Objects now: 3661.
Total: 2.266125 ms (FindLiveObjects: 0.166583 ms CreateObjectMapping: 0.075000 ms MarkObjects: 2.000667 ms  DeleteObjects: 0.023291 ms)

AssetImportParameters requested are different than current active one (requested -> active):
  custom:video-decoder-ogg-theora: a1e56fd34408186e4bbccfd4996cb3dc -> 
  custom:container-muxer-webm: aa71ff27fc2769a1b78a27578f13a17b -> 
  custom:container-demuxer-webm: 4f35f7cbe854078d1ac9338744f61a02 -> 
  custom:container-demuxer-ogg: 62fdf1f143b41e24485cea50d1cbac27 -> 
  custom:video-encoder-webm-vp8: eb34c28f22e8b96e1ab97ce403110664 -> 
  custom:framework-osx-AVFoundation: e770b220cccbd017edd2c1fefb359320 -> 
  custom:video-decoder-webm-vp8: 9c59270c3fd7afecdb556c50c9e8de78 -> 
  custom:audio-decoder-ogg-vorbis: bf7c407c2cedff20999df2af8eb42d56 -> 
  custom:audio-encoder-webm-vorbis: bf7c407c2cedff20999df2af8eb42d56 -> 
========================================================================
Received Import Request.
  Time since last request: 357.090034 seconds.
  path: Assets/Source/Shooter Pack/start walking.fbx
  artifactKey: Guid(f0331a9f6351f4bd19000015335808bd) Importer(815301076,1909f56bfc062723c751e8b465ee728b)
Start importing Assets/Source/Shooter Pack/start walking.fbx using Guid(f0331a9f6351f4bd19000015335808bd) Importer(815301076,1909f56bfc062723c751e8b465ee728b)  -> (artifact id: 'ce4d84d5f72748f76f462c643c5f8167') in 0.058721 seconds 
  Import took 0.063087 seconds .

========================================================================
Received Import Request.
  Time since last request: 13.071187 seconds.
  path: Assets/Source/Shooter Pack/strafe (2).fbx
  artifactKey: Guid(1d538db9fa15b48748c714f5b04f4dcb) Importer(815301076,1909f56bfc062723c751e8b465ee728b)
Start importing Assets/Source/Shooter Pack/strafe (2).fbx using Guid(1d538db9fa15b48748c714f5b04f4dcb) Importer(815301076,1909f56bfc062723c751e8b465ee728b)  -> (artifact id: 'e04276d698aa4ca3e5e75bd429f8fb5c') in 0.005953 seconds 
  Import took 0.010198 seconds .

========================================================================
Received Import Request.
  Time since last request: 4.908078 seconds.
  path: Assets/Source/Shooter Pack/strafe.fbx
  artifactKey: Guid(132de054f570f4304a9b55846cab8cb2) Importer(815301076,1909f56bfc062723c751e8b465ee728b)
Start importing Assets/Source/Shooter Pack/strafe.fbx using Guid(132de054f570f4304a9b55846cab8cb2) Importer(815301076,1909f56bfc062723c751e8b465ee728b)  -> (artifact id: 'ff7b02d65580dbbe272ab708e505c579') in 0.005419 seconds 
  Import took 0.009914 seconds .

========================================================================
Received Import Request.
  Time since last request: 13.393424 seconds.
  path: Assets/Source/Shooter Pack/walking right.fbx
  artifactKey: Guid(132de054f570f4304a9b55846cab8cb2) Importer(815301076,1909f56bfc062723c751e8b465ee728b)
Start importing Assets/Source/Shooter Pack/walking right.fbx using Guid(132de054f570f4304a9b55846cab8cb2) Importer(815301076,1909f56bfc062723c751e8b465ee728b)  -> (artifact id: 'd7b161b804ccb216d8916618cccd7c49') in 0.005242 seconds 
  Import took 0.009911 seconds .

========================================================================
Received Import Request.
  Time since last request: 4.381618 seconds.
  path: Assets/Source/Shooter Pack/walking left.fbx
  artifactKey: Guid(1d538db9fa15b48748c714f5b04f4dcb) Importer(815301076,1909f56bfc062723c751e8b465ee728b)
Start importing Assets/Source/Shooter Pack/walking left.fbx using Guid(1d538db9fa15b48748c714f5b04f4dcb) Importer(815301076,1909f56bfc062723c751e8b465ee728b)  -> (artifact id: '21ae5e4b540e15b7ecb3db43f67b9a70') in 0.005539 seconds 
  Import took 0.010028 seconds .

========================================================================
Received Import Request.
  Time since last request: 11.798986 seconds.
  path: Assets/Player/Animation
  artifactKey: Guid(de33d6b51068144418041e2619e60334) Importer(815301076,1909f56bfc062723c751e8b465ee728b)
Start importing Assets/Player/Animation using Guid(de33d6b51068144418041e2619e60334) Importer(815301076,1909f56bfc062723c751e8b465ee728b)  -> (artifact id: 'b4983b68ecb3ebe66e5943a16184b789') in 0.001622 seconds 
  Import took 0.005760 seconds .

========================================================================
Received Import Request.
  Time since last request: 9.547345 seconds.
  path: Assets/Player/Double Dagger Stab.fbx
  artifactKey: Guid(7f6f55482f47d46ff9d35ab6c413b6a7) Importer(815301076,1909f56bfc062723c751e8b465ee728b)
Start importing Assets/Player/Double Dagger Stab.fbx using Guid(7f6f55482f47d46ff9d35ab6c413b6a7) Importer(815301076,1909f56bfc062723c751e8b465ee728b)  -> (artifact id: '0e710087c98027652d74cbd4340a6ec9') in 0.184108 seconds 
  Import took 0.189398 seconds .

========================================================================
Received Import Request.
  Time since last request: 5.459601 seconds.
  path: Assets/Player/Ch46_1001_Diffuse.png
  artifactKey: Guid(ebf00d8336fc04d41983d12b6f9db03f) Importer(815301076,1909f56bfc062723c751e8b465ee728b)
Start importing Assets/Player/Ch46_1001_Diffuse.png using Guid(ebf00d8336fc04d41983d12b6f9db03f) Importer(815301076,1909f56bfc062723c751e8b465ee728b)  -> (artifact id: 'bb26550cf74e32e14cf7e2a4c46f09f2') in 0.419878 seconds 
  Import took 0.426795 seconds .

========================================================================
Received Import Request.
  Time since last request: 48.863296 seconds.
  path: Assets/Player/Animation/walking left.fbx
  artifactKey: Guid(1d538db9fa15b48748c714f5b04f4dcb) Importer(815301076,1909f56bfc062723c751e8b465ee728b)
Start importing Assets/Player/Animation/walking left.fbx using Guid(1d538db9fa15b48748c714f5b04f4dcb) Importer(815301076,1909f56bfc062723c751e8b465ee728b)  -> (artifact id: 'a621b0072add41b6ddce614069221979') in 0.005601 seconds 
  Import took 0.010235 seconds .

========================================================================
Received Import Request.
  Time since last request: 9.672491 seconds.
  path: Assets/Player/Animation/walking right.fbx
  artifactKey: Guid(132de054f570f4304a9b55846cab8cb2) Importer(815301076,1909f56bfc062723c751e8b465ee728b)
Start importing Assets/Player/Animation/walking right.fbx using Guid(132de054f570f4304a9b55846cab8cb2) Importer(815301076,1909f56bfc062723c751e8b465ee728b)  -> (artifact id: 'bcf11c6153096f15bf7d12d7ed398bee') in 0.005177 seconds 
  Import took 0.009520 seconds .

